<?xml version="1.0" encoding="UTF-8" standalone="yes"?><!DOCTYPE report PUBLIC "-//JACOCO//DTD Report 1.1//EN" "report.dtd"><report name="Javdin"><sessioninfo id="lenovoARH7-5c4e8468" start="1760201466037" dump="1760201467383"/><sessioninfo id="lenovoARH7-e731d70d" start="1760202877250" dump="1760202877973"/><sessioninfo id="lenovoARH7-d7fa5c28" start="1760202895723" dump="1760202896398"/><sessioninfo id="lenovoARH7-4364cda" start="1760202905275" dump="1760202906077"/><sessioninfo id="lenovoARH7-2ccdda0d" start="1760203044414" dump="1760203045440"/><sessioninfo id="lenovoARH7-3868730b" start="1760203053745" dump="1760203054719"/><sessioninfo id="lenovoARH7-745abd6e" start="1760203084114" dump="1760203085061"/><sessioninfo id="lenovoARH7-40e01c4f" start="1760203093562" dump="1760203094846"/><sessioninfo id="lenovoARH7-577d6abc" start="1760203102116" dump="1760203103446"/><sessioninfo id="lenovoARH7-46a695d" start="1760203588691" dump="1760203589632"/><sessioninfo id="lenovoARH7-64d0c706" start="1760203597780" dump="1760203599029"/><package name="com/javdin/interpreter"><class name="com/javdin/interpreter/Interpreter" sourcefilename="Interpreter.java"><method name="&lt;init&gt;" desc="(Lcom/javdin/utils/ErrorHandler;)V" line="14"><counter type="INSTRUCTION" missed="0" covered="11"/><counter type="LINE" missed="0" covered="4"/><counter type="COMPLEXITY" missed="0" covered="1"/><counter type="METHOD" missed="0" covered="1"/></method><method name="interpret" desc="(Lcom/javdin/ast/ProgramNode;)V" line="21"><counter type="INSTRUCTION" missed="9" covered="6"/><counter type="LINE" missed="2" covered="3"/><counter type="COMPLEXITY" missed="0" covered="1"/><counter type="METHOD" missed="0" covered="1"/></method><method name="visitProgram" desc="(Lcom/javdin/ast/ProgramNode;)Lcom/javdin/interpreter/Value;" line="29"><counter type="INSTRUCTION" missed="0" covered="21"/><counter type="BRANCH" missed="0" covered="2"/><counter type="LINE" missed="0" covered="5"/><counter type="COMPLEXITY" missed="0" covered="2"/><counter type="METHOD" missed="0" covered="1"/></method><method name="visitDeclaration" desc="(Lcom/javdin/ast/DeclarationNode;)Lcom/javdin/interpreter/Value;" line="40"><counter type="INSTRUCTION" missed="0" covered="19"/><counter type="BRANCH" missed="1" covered="1"/><counter type="LINE" missed="0" covered="5"/><counter type="COMPLEXITY" missed="1" covered="1"/><counter type="METHOD" missed="0" covered="1"/></method><method name="visitLiteral" desc="(Lcom/javdin/ast/LiteralNode;)Lcom/javdin/interpreter/Value;" line="52"><counter type="INSTRUCTION" missed="19" covered="13"/><counter type="BRANCH" missed="4" covered="1"/><counter type="LINE" missed="4" covered="2"/><counter type="COMPLEXITY" missed="4" covered="1"/><counter type="METHOD" missed="0" covered="1"/></method><method name="visitPrint" desc="(Lcom/javdin/ast/PrintNode;)Lcom/javdin/interpreter/Value;" line="64"><counter type="INSTRUCTION" missed="0" covered="5"/><counter type="LINE" missed="0" covered="2"/><counter type="COMPLEXITY" missed="0" covered="1"/><counter type="METHOD" missed="0" covered="1"/></method><method name="visitAssignment" desc="(Lcom/javdin/ast/AssignmentNode;)Lcom/javdin/interpreter/Value;" line="69"><counter type="INSTRUCTION" missed="2" covered="0"/><counter type="LINE" missed="1" covered="0"/><counter type="COMPLEXITY" missed="1" covered="0"/><counter type="METHOD" missed="1" covered="0"/></method><method name="visitIf" desc="(Lcom/javdin/ast/IfNode;)Lcom/javdin/interpreter/Value;" line="70"><counter type="INSTRUCTION" missed="2" covered="0"/><counter type="LINE" missed="1" covered="0"/><counter type="COMPLEXITY" missed="1" covered="0"/><counter type="METHOD" missed="1" covered="0"/></method><method name="visitWhile" desc="(Lcom/javdin/ast/WhileNode;)Lcom/javdin/interpreter/Value;" line="71"><counter type="INSTRUCTION" missed="2" covered="0"/><counter type="LINE" missed="1" covered="0"/><counter type="COMPLEXITY" missed="1" covered="0"/><counter type="METHOD" missed="1" covered="0"/></method><method name="visitFor" desc="(Lcom/javdin/ast/ForNode;)Lcom/javdin/interpreter/Value;" line="72"><counter type="INSTRUCTION" missed="2" covered="0"/><counter type="LINE" missed="1" covered="0"/><counter type="COMPLEXITY" missed="1" covered="0"/><counter type="METHOD" missed="1" covered="0"/></method><method name="visitReturn" desc="(Lcom/javdin/ast/ReturnNode;)Lcom/javdin/interpreter/Value;" line="73"><counter type="INSTRUCTION" missed="2" covered="0"/><counter type="LINE" missed="1" covered="0"/><counter type="COMPLEXITY" missed="1" covered="0"/><counter type="METHOD" missed="1" covered="0"/></method><method name="visitBreak" desc="(Lcom/javdin/ast/BreakNode;)Lcom/javdin/interpreter/Value;" line="74"><counter type="INSTRUCTION" missed="2" covered="0"/><counter type="LINE" missed="1" covered="0"/><counter type="COMPLEXITY" missed="1" covered="0"/><counter type="METHOD" missed="1" covered="0"/></method><method name="visitContinue" desc="(Lcom/javdin/ast/ContinueNode;)Lcom/javdin/interpreter/Value;" line="75"><counter type="INSTRUCTION" missed="2" covered="0"/><counter type="LINE" missed="1" covered="0"/><counter type="COMPLEXITY" missed="1" covered="0"/><counter type="METHOD" missed="1" covered="0"/></method><method name="visitBlock" desc="(Lcom/javdin/ast/BlockNode;)Lcom/javdin/interpreter/Value;" line="76"><counter type="INSTRUCTION" missed="2" covered="0"/><counter type="LINE" missed="1" covered="0"/><counter type="COMPLEXITY" missed="1" covered="0"/><counter type="METHOD" missed="1" covered="0"/></method><method name="visitExpressionStatement" desc="(Lcom/javdin/ast/ExpressionStatementNode;)Lcom/javdin/interpreter/Value;" line="77"><counter type="INSTRUCTION" missed="2" covered="0"/><counter type="LINE" missed="1" covered="0"/><counter type="COMPLEXITY" missed="1" covered="0"/><counter type="METHOD" missed="1" covered="0"/></method><method name="visitReference" desc="(Lcom/javdin/ast/ReferenceNode;)Lcom/javdin/interpreter/Value;" line="78"><counter type="INSTRUCTION" missed="2" covered="0"/><counter type="LINE" missed="1" covered="0"/><counter type="COMPLEXITY" missed="1" covered="0"/><counter type="METHOD" missed="1" covered="0"/></method><method name="visitBinaryOp" desc="(Lcom/javdin/ast/BinaryOpNode;)Lcom/javdin/interpreter/Value;" line="79"><counter type="INSTRUCTION" missed="2" covered="0"/><counter type="LINE" missed="1" covered="0"/><counter type="COMPLEXITY" missed="1" covered="0"/><counter type="METHOD" missed="1" covered="0"/></method><method name="visitUnaryOp" desc="(Lcom/javdin/ast/UnaryOpNode;)Lcom/javdin/interpreter/Value;" line="80"><counter type="INSTRUCTION" missed="2" covered="0"/><counter type="LINE" missed="1" covered="0"/><counter type="COMPLEXITY" missed="1" covered="0"/><counter type="METHOD" missed="1" covered="0"/></method><method name="visitFunctionCall" desc="(Lcom/javdin/ast/FunctionCallNode;)Lcom/javdin/interpreter/Value;" line="81"><counter type="INSTRUCTION" missed="2" covered="0"/><counter type="LINE" missed="1" covered="0"/><counter type="COMPLEXITY" missed="1" covered="0"/><counter type="METHOD" missed="1" covered="0"/></method><method name="visitArrayAccess" desc="(Lcom/javdin/ast/ArrayAccessNode;)Lcom/javdin/interpreter/Value;" line="82"><counter type="INSTRUCTION" missed="2" covered="0"/><counter type="LINE" missed="1" covered="0"/><counter type="COMPLEXITY" missed="1" covered="0"/><counter type="METHOD" missed="1" covered="0"/></method><method name="visitFunctionLiteral" desc="(Lcom/javdin/ast/FunctionLiteralNode;)Lcom/javdin/interpreter/Value;" line="83"><counter type="INSTRUCTION" missed="2" covered="0"/><counter type="LINE" missed="1" covered="0"/><counter type="COMPLEXITY" missed="1" covered="0"/><counter type="METHOD" missed="1" covered="0"/></method><method name="visitArrayLiteral" desc="(Lcom/javdin/ast/ArrayLiteralNode;)Lcom/javdin/interpreter/Value;" line="84"><counter type="INSTRUCTION" missed="2" covered="0"/><counter type="LINE" missed="1" covered="0"/><counter type="COMPLEXITY" missed="1" covered="0"/><counter type="METHOD" missed="1" covered="0"/></method><method name="visitTupleLiteral" desc="(Lcom/javdin/ast/TupleLiteralNode;)Lcom/javdin/interpreter/Value;" line="85"><counter type="INSTRUCTION" missed="2" covered="0"/><counter type="LINE" missed="1" covered="0"/><counter type="COMPLEXITY" missed="1" covered="0"/><counter type="METHOD" missed="1" covered="0"/></method><method name="visitTypeCheck" desc="(Lcom/javdin/ast/TypeCheckNode;)Lcom/javdin/interpreter/Value;" line="86"><counter type="INSTRUCTION" missed="2" covered="0"/><counter type="LINE" missed="1" covered="0"/><counter type="COMPLEXITY" missed="1" covered="0"/><counter type="METHOD" missed="1" covered="0"/></method><method name="visitTupleMemberAccess" desc="(Lcom/javdin/ast/TupleMemberAccessNode;)Lcom/javdin/interpreter/Value;" line="87"><counter type="INSTRUCTION" missed="2" covered="0"/><counter type="LINE" missed="1" covered="0"/><counter type="COMPLEXITY" missed="1" covered="0"/><counter type="METHOD" missed="1" covered="0"/></method><counter type="INSTRUCTION" missed="66" covered="75"/><counter type="BRANCH" missed="5" covered="4"/><counter type="LINE" missed="25" covered="21"/><counter type="COMPLEXITY" missed="24" covered="7"/><counter type="METHOD" missed="19" covered="6"/><counter type="CLASS" missed="0" covered="1"/></class><class name="com/javdin/interpreter/Value$ValueType" sourcefilename="Value.java"><method name="&lt;clinit&gt;" desc="()V" line="15"><counter type="INSTRUCTION" missed="0" covered="51"/><counter type="LINE" missed="0" covered="2"/><counter type="COMPLEXITY" missed="0" covered="1"/><counter type="METHOD" missed="0" covered="1"/></method><counter type="INSTRUCTION" missed="0" covered="51"/><counter type="LINE" missed="0" covered="2"/><counter type="COMPLEXITY" missed="0" covered="1"/><counter type="METHOD" missed="0" covered="1"/><counter type="CLASS" missed="0" covered="1"/></class><class name="com/javdin/interpreter/Value" sourcefilename="Value.java"><method name="&lt;init&gt;" desc="(Ljava/lang/Object;)V" line="19"><counter type="INSTRUCTION" missed="0" covered="11"/><counter type="LINE" missed="0" covered="4"/><counter type="COMPLEXITY" missed="0" covered="1"/><counter type="METHOD" missed="0" covered="1"/></method><method name="determineType" desc="(Ljava/lang/Object;)Lcom/javdin/interpreter/Value$ValueType;" line="25"><counter type="INSTRUCTION" missed="27" covered="9"/><counter type="BRANCH" missed="11" covered="3"/><counter type="LINE" missed="6" covered="2"/><counter type="COMPLEXITY" missed="6" covered="2"/><counter type="METHOD" missed="0" covered="1"/></method><method name="getValue" desc="()Ljava/lang/Object;" line="36"><counter type="INSTRUCTION" missed="3" covered="0"/><counter type="LINE" missed="1" covered="0"/><counter type="COMPLEXITY" missed="1" covered="0"/><counter type="METHOD" missed="1" covered="0"/></method><method name="getType" desc="()Lcom/javdin/interpreter/Value$ValueType;" line="40"><counter type="INSTRUCTION" missed="3" covered="0"/><counter type="LINE" missed="1" covered="0"/><counter type="COMPLEXITY" missed="1" covered="0"/><counter type="METHOD" missed="1" covered="0"/></method><method name="isTrue" desc="()Z" line="44"><counter type="INSTRUCTION" missed="60" covered="0"/><counter type="BRANCH" missed="18" covered="0"/><counter type="LINE" missed="9" covered="0"/><counter type="COMPLEXITY" missed="13" covered="0"/><counter type="METHOD" missed="1" covered="0"/></method><method name="asInteger" desc="()I" line="57"><counter type="INSTRUCTION" missed="45" covered="0"/><counter type="BRANCH" missed="7" covered="0"/><counter type="LINE" missed="8" covered="0"/><counter type="COMPLEXITY" missed="6" covered="0"/><counter type="METHOD" missed="1" covered="0"/></method><method name="asReal" desc="()D" line="73"><counter type="INSTRUCTION" missed="45" covered="0"/><counter type="BRANCH" missed="7" covered="0"/><counter type="LINE" missed="8" covered="0"/><counter type="COMPLEXITY" missed="6" covered="0"/><counter type="METHOD" missed="1" covered="0"/></method><method name="asString" desc="()Ljava/lang/String;" line="89"><counter type="INSTRUCTION" missed="9" covered="0"/><counter type="BRANCH" missed="2" covered="0"/><counter type="LINE" missed="2" covered="0"/><counter type="COMPLEXITY" missed="2" covered="0"/><counter type="METHOD" missed="1" covered="0"/></method><method name="toString" desc="()Ljava/lang/String;" line="95"><counter type="INSTRUCTION" missed="3" covered="0"/><counter type="LINE" missed="1" covered="0"/><counter type="COMPLEXITY" missed="1" covered="0"/><counter type="METHOD" missed="1" covered="0"/></method><method name="&lt;clinit&gt;" desc="()V" line="10"><counter type="INSTRUCTION" missed="0" covered="6"/><counter type="LINE" missed="0" covered="1"/><counter type="COMPLEXITY" missed="0" covered="1"/><counter type="METHOD" missed="0" covered="1"/></method><counter type="INSTRUCTION" missed="195" covered="26"/><counter type="BRANCH" missed="45" covered="3"/><counter type="LINE" missed="36" covered="7"/><counter type="COMPLEXITY" missed="36" covered="4"/><counter type="METHOD" missed="7" covered="3"/><counter type="CLASS" missed="0" covered="1"/></class><class name="com/javdin/interpreter/Environment" sourcefilename="Environment.java"><method name="&lt;init&gt;" desc="()V" line="13"><counter type="INSTRUCTION" missed="0" covered="15"/><counter type="LINE" missed="0" covered="4"/><counter type="COMPLEXITY" missed="0" covered="1"/><counter type="METHOD" missed="0" covered="1"/></method><method name="enterScope" desc="()V" line="19"><counter type="INSTRUCTION" missed="8" covered="0"/><counter type="LINE" missed="2" covered="0"/><counter type="COMPLEXITY" missed="1" covered="0"/><counter type="METHOD" missed="1" covered="0"/></method><method name="exitScope" desc="()V" line="23"><counter type="INSTRUCTION" missed="10" covered="0"/><counter type="BRANCH" missed="2" covered="0"/><counter type="LINE" missed="3" covered="0"/><counter type="COMPLEXITY" missed="2" covered="0"/><counter type="METHOD" missed="1" covered="0"/></method><method name="define" desc="(Ljava/lang/String;Lcom/javdin/interpreter/Value;)V" line="29"><counter type="INSTRUCTION" missed="0" covered="9"/><counter type="LINE" missed="0" covered="2"/><counter type="COMPLEXITY" missed="0" covered="1"/><counter type="METHOD" missed="0" covered="1"/></method><method name="get" desc="(Ljava/lang/String;)Lcom/javdin/interpreter/Value;" line="33"><counter type="INSTRUCTION" missed="31" covered="0"/><counter type="BRANCH" missed="4" covered="0"/><counter type="LINE" missed="5" covered="0"/><counter type="COMPLEXITY" missed="3" covered="0"/><counter type="METHOD" missed="1" covered="0"/></method><method name="assign" desc="(Ljava/lang/String;Lcom/javdin/interpreter/Value;)V" line="43"><counter type="INSTRUCTION" missed="32" covered="0"/><counter type="BRANCH" missed="4" covered="0"/><counter type="LINE" missed="6" covered="0"/><counter type="COMPLEXITY" missed="3" covered="0"/><counter type="METHOD" missed="1" covered="0"/></method><method name="isDefined" desc="(Ljava/lang/String;)Z" line="54"><counter type="INSTRUCTION" missed="20" covered="0"/><counter type="BRANCH" missed="4" covered="0"/><counter type="LINE" missed="5" covered="0"/><counter type="COMPLEXITY" missed="3" covered="0"/><counter type="METHOD" missed="1" covered="0"/></method><counter type="INSTRUCTION" missed="101" covered="24"/><counter type="BRANCH" missed="14" covered="0"/><counter type="LINE" missed="21" covered="6"/><counter type="COMPLEXITY" missed="12" covered="2"/><counter type="METHOD" missed="5" covered="2"/><counter type="CLASS" missed="0" covered="1"/></class><sourcefile name="Value.java"><line nr="10" mi="0" ci="6" mb="0" cb="0"/><line nr="15" mi="0" ci="3" mb="0" cb="0"/><line nr="16" mi="0" ci="48" mb="0" cb="0"/><line nr="19" mi="0" ci="2" mb="0" cb="0"/><line nr="20" mi="0" ci="3" mb="0" cb="0"/><line nr="21" mi="0" ci="5" mb="0" cb="0"/><line nr="22" mi="0" ci="1" mb="0" cb="0"/><line nr="25" mi="0" ci="4" mb="0" cb="2"/><line nr="26" mi="0" ci="5" mb="1" cb="1"/><line nr="27" mi="5" ci="0" mb="2" cb="0"/><line nr="28" mi="5" ci="0" mb="2" cb="0"/><line nr="29" mi="5" ci="0" mb="2" cb="0"/><line nr="30" mi="5" ci="0" mb="2" cb="0"/><line nr="31" mi="5" ci="0" mb="2" cb="0"/><line nr="32" mi="2" ci="0" mb="0" cb="0"/><line nr="36" mi="3" ci="0" mb="0" cb="0"/><line nr="40" mi="3" ci="0" mb="0" cb="0"/><line nr="44" mi="5" ci="0" mb="8" cb="0"/><line nr="45" mi="5" ci="0" mb="0" cb="0"/><line nr="46" mi="9" ci="0" mb="2" cb="0"/><line nr="47" mi="11" ci="0" mb="2" cb="0"/><line nr="48" mi="9" ci="0" mb="2" cb="0"/><line nr="49" mi="9" ci="0" mb="2" cb="0"/><line nr="50" mi="9" ci="0" mb="2" cb="0"/><line nr="51" mi="2" ci="0" mb="0" cb="0"/><line nr="52" mi="1" ci="0" mb="0" cb="0"/><line nr="57" mi="5" ci="0" mb="5" cb="0"/><line nr="58" mi="7" ci="0" mb="0" cb="0"/><line nr="59" mi="7" ci="0" mb="0" cb="0"/><line nr="60" mi="11" ci="0" mb="2" cb="0"/><line nr="63" mi="7" ci="0" mb="0" cb="0"/><line nr="64" mi="1" ci="0" mb="0" cb="0"/><line nr="65" mi="4" ci="0" mb="0" cb="0"/><line nr="68" mi="3" ci="0" mb="0" cb="0"/><line nr="73" mi="5" ci="0" mb="5" cb="0"/><line nr="74" mi="7" ci="0" mb="0" cb="0"/><line nr="75" mi="7" ci="0" mb="0" cb="0"/><line nr="76" mi="11" ci="0" mb="2" cb="0"/><line nr="79" mi="7" ci="0" mb="0" cb="0"/><line nr="80" mi="1" ci="0" mb="0" cb="0"/><line nr="81" mi="4" ci="0" mb="0" cb="0"/><line nr="84" mi="3" ci="0" mb="0" cb="0"/><line nr="89" mi="5" ci="0" mb="2" cb="0"/><line nr="90" mi="4" ci="0" mb="0" cb="0"/><line nr="95" mi="3" ci="0" mb="0" cb="0"/><counter type="INSTRUCTION" missed="195" covered="77"/><counter type="BRANCH" missed="45" covered="3"/><counter type="LINE" missed="36" covered="9"/><counter type="COMPLEXITY" missed="36" covered="5"/><counter type="METHOD" missed="7" covered="4"/><counter type="CLASS" missed="0" covered="2"/></sourcefile><sourcefile name="Interpreter.java"><line nr="14" mi="0" ci="2" mb="0" cb="0"/><line nr="15" mi="0" ci="3" mb="0" cb="0"/><line nr="16" mi="0" ci="5" mb="0" cb="0"/><line nr="17" mi="0" ci="1" mb="0" cb="0"/><line nr="21" mi="0" ci="4" mb="0" cb="0"/><line nr="22" mi="1" ci="0" mb="0" cb="0"/><line nr="23" mi="8" ci="0" mb="0" cb="0"/><line nr="24" mi="0" ci="1" mb="0" cb="0"/><line nr="25" mi="0" ci="1" mb="0" cb="0"/><line nr="29" mi="0" ci="2" mb="0" cb="0"/><line nr="31" mi="0" ci="11" mb="0" cb="2"/><line nr="32" mi="0" ci="5" mb="0" cb="0"/><line nr="33" mi="0" ci="1" mb="0" cb="0"/><line nr="35" mi="0" ci="2" mb="0" cb="0"/><line nr="40" mi="0" ci="2" mb="0" cb="0"/><line nr="42" mi="0" ci="3" mb="1" cb="1"/><line nr="43" mi="0" ci="6" mb="0" cb="0"/><line nr="46" mi="0" ci="6" mb="0" cb="0"/><line nr="47" mi="0" ci="2" mb="0" cb="0"/><line nr="52" mi="0" ci="7" mb="4" cb="1"/><line nr="53" mi="0" ci="6" mb="0" cb="0"/><line nr="54" mi="6" ci="0" mb="0" cb="0"/><line nr="55" mi="6" ci="0" mb="0" cb="0"/><line nr="56" mi="6" ci="0" mb="0" cb="0"/><line nr="57" mi="1" ci="0" mb="0" cb="0"/><line nr="64" mi="0" ci="3" mb="0" cb="0"/><line nr="65" mi="0" ci="2" mb="0" cb="0"/><line nr="69" mi="2" ci="0" mb="0" cb="0"/><line nr="70" mi="2" ci="0" mb="0" cb="0"/><line nr="71" mi="2" ci="0" mb="0" cb="0"/><line nr="72" mi="2" ci="0" mb="0" cb="0"/><line nr="73" mi="2" ci="0" mb="0" cb="0"/><line nr="74" mi="2" ci="0" mb="0" cb="0"/><line nr="75" mi="2" ci="0" mb="0" cb="0"/><line nr="76" mi="2" ci="0" mb="0" cb="0"/><line nr="77" mi="2" ci="0" mb="0" cb="0"/><line nr="78" mi="2" ci="0" mb="0" cb="0"/><line nr="79" mi="2" ci="0" mb="0" cb="0"/><line nr="80" mi="2" ci="0" mb="0" cb="0"/><line nr="81" mi="2" ci="0" mb="0" cb="0"/><line nr="82" mi="2" ci="0" mb="0" cb="0"/><line nr="83" mi="2" ci="0" mb="0" cb="0"/><line nr="84" mi="2" ci="0" mb="0" cb="0"/><line nr="85" mi="2" ci="0" mb="0" cb="0"/><line nr="86" mi="2" ci="0" mb="0" cb="0"/><line nr="87" mi="2" ci="0" mb="0" cb="0"/><counter type="INSTRUCTION" missed="66" covered="75"/><counter type="BRANCH" missed="5" covered="4"/><counter type="LINE" missed="25" covered="21"/><counter type="COMPLEXITY" missed="24" covered="7"/><counter type="METHOD" missed="19" covered="6"/><counter type="CLASS" missed="0" covered="1"/></sourcefile><sourcefile name="Environment.java"><line nr="13" mi="0" ci="2" mb="0" cb="0"/><line nr="14" mi="0" ci="5" mb="0" cb="0"/><line nr="15" mi="0" ci="7" mb="0" cb="0"/><line nr="16" mi="0" ci="1" mb="0" cb="0"/><line nr="19" mi="7" ci="0" mb="0" cb="0"/><line nr="20" mi="1" ci="0" mb="0" cb="0"/><line nr="23" mi="5" ci="0" mb="2" cb="0"/><line nr="24" mi="4" ci="0" mb="0" cb="0"/><line nr="26" mi="1" ci="0" mb="0" cb="0"/><line nr="29" mi="0" ci="8" mb="0" cb="0"/><line nr="30" mi="0" ci="1" mb="0" cb="0"/><line nr="33" mi="10" ci="0" mb="2" cb="0"/><line nr="34" mi="6" ci="0" mb="0" cb="0"/><line nr="35" mi="4" ci="0" mb="2" cb="0"/><line nr="36" mi="5" ci="0" mb="0" cb="0"/><line nr="39" mi="6" ci="0" mb="0" cb="0"/><line nr="43" mi="10" ci="0" mb="2" cb="0"/><line nr="44" mi="6" ci="0" mb="0" cb="0"/><line nr="45" mi="4" ci="0" mb="2" cb="0"/><line nr="46" mi="5" ci="0" mb="0" cb="0"/><line nr="47" mi="1" ci="0" mb="0" cb="0"/><line nr="50" mi="6" ci="0" mb="0" cb="0"/><line nr="54" mi="11" ci="0" mb="2" cb="0"/><line nr="55" mi="4" ci="0" mb="2" cb="0"/><line nr="56" mi="2" ci="0" mb="0" cb="0"/><line nr="58" mi="1" ci="0" mb="0" cb="0"/><line nr="59" mi="2" ci="0" mb="0" cb="0"/><counter type="INSTRUCTION" missed="101" covered="24"/><counter type="BRANCH" missed="14" covered="0"/><counter type="LINE" missed="21" covered="6"/><counter type="COMPLEXITY" missed="12" covered="2"/><counter type="METHOD" missed="5" covered="2"/><counter type="CLASS" missed="0" covered="1"/></sourcefile><counter type="INSTRUCTION" missed="362" covered="176"/><counter type="BRANCH" missed="64" covered="7"/><counter type="LINE" missed="82" covered="36"/><counter type="COMPLEXITY" missed="72" covered="14"/><counter type="METHOD" missed="31" covered="12"/><counter type="CLASS" missed="0" covered="4"/></package><package name="com/javdin/utils"><class name="com/javdin/utils/ErrorHandler$Error" sourcefilename="ErrorHandler.java"><method name="&lt;init&gt;" desc="(Ljava/lang/String;II)V" line="43"><counter type="INSTRUCTION" missed="12" covered="0"/><counter type="LINE" missed="5" covered="0"/><counter type="COMPLEXITY" missed="1" covered="0"/><counter type="METHOD" missed="1" covered="0"/></method><method name="getMessage" desc="()Ljava/lang/String;" line="50"><counter type="INSTRUCTION" missed="3" covered="0"/><counter type="LINE" missed="1" covered="0"/><counter type="COMPLEXITY" missed="1" covered="0"/><counter type="METHOD" missed="1" covered="0"/></method><method name="getLine" desc="()I" line="54"><counter type="INSTRUCTION" missed="3" covered="0"/><counter type="LINE" missed="1" covered="0"/><counter type="COMPLEXITY" missed="1" covered="0"/><counter type="METHOD" missed="1" covered="0"/></method><method name="getColumn" desc="()I" line="58"><counter type="INSTRUCTION" missed="3" covered="0"/><counter type="LINE" missed="1" covered="0"/><counter type="COMPLEXITY" missed="1" covered="0"/><counter type="METHOD" missed="1" covered="0"/></method><method name="toString" desc="()Ljava/lang/String;" line="63"><counter type="INSTRUCTION" missed="32" covered="0"/><counter type="BRANCH" missed="4" covered="0"/><counter type="LINE" missed="3" covered="0"/><counter type="COMPLEXITY" missed="3" covered="0"/><counter type="METHOD" missed="1" covered="0"/></method><counter type="INSTRUCTION" missed="53" covered="0"/><counter type="BRANCH" missed="4" covered="0"/><counter type="LINE" missed="11" covered="0"/><counter type="COMPLEXITY" missed="7" covered="0"/><counter type="METHOD" missed="5" covered="0"/><counter type="CLASS" missed="1" covered="0"/></class><class name="com/javdin/utils/ErrorHandler" sourcefilename="ErrorHandler.java"><method name="&lt;init&gt;" desc="()V" line="12"><counter type="INSTRUCTION" missed="0" covered="8"/><counter type="LINE" missed="0" covered="3"/><counter type="COMPLEXITY" missed="0" covered="1"/><counter type="METHOD" missed="0" covered="1"/></method><method name="addError" desc="(Ljava/lang/String;II)V" line="17"><counter type="INSTRUCTION" missed="11" covered="0"/><counter type="LINE" missed="2" covered="0"/><counter type="COMPLEXITY" missed="1" covered="0"/><counter type="METHOD" missed="1" covered="0"/></method><method name="hasErrors" desc="()Z" line="21"><counter type="INSTRUCTION" missed="2" covered="6"/><counter type="BRANCH" missed="1" covered="1"/><counter type="LINE" missed="0" covered="1"/><counter type="COMPLEXITY" missed="1" covered="1"/><counter type="METHOD" missed="0" covered="1"/></method><method name="printErrors" desc="()V" line="25"><counter type="INSTRUCTION" missed="16" covered="0"/><counter type="BRANCH" missed="2" covered="0"/><counter type="LINE" missed="4" covered="0"/><counter type="COMPLEXITY" missed="2" covered="0"/><counter type="METHOD" missed="1" covered="0"/></method><method name="getErrors" desc="()Ljava/util/List;" line="31"><counter type="INSTRUCTION" missed="6" covered="0"/><counter type="LINE" missed="1" covered="0"/><counter type="COMPLEXITY" missed="1" covered="0"/><counter type="METHOD" missed="1" covered="0"/></method><method name="clear" desc="()V" line="35"><counter type="INSTRUCTION" missed="4" covered="0"/><counter type="LINE" missed="2" covered="0"/><counter type="COMPLEXITY" missed="1" covered="0"/><counter type="METHOD" missed="1" covered="0"/></method><counter type="INSTRUCTION" missed="39" covered="14"/><counter type="BRANCH" missed="3" covered="1"/><counter type="LINE" missed="9" covered="4"/><counter type="COMPLEXITY" missed="6" covered="2"/><counter type="METHOD" missed="4" covered="2"/><counter type="CLASS" missed="0" covered="1"/></class><class name="com/javdin/utils/IoUtils" sourcefilename="IoUtils.java"><method name="&lt;init&gt;" desc="()V" line="12"><counter type="INSTRUCTION" missed="3" covered="0"/><counter type="LINE" missed="1" covered="0"/><counter type="COMPLEXITY" missed="1" covered="0"/><counter type="METHOD" missed="1" covered="0"/></method><method name="readFile" desc="(Ljava/lang/String;)Ljava/lang/String;" line="18"><counter type="INSTRUCTION" missed="0" covered="8"/><counter type="LINE" missed="0" covered="2"/><counter type="COMPLEXITY" missed="0" covered="1"/><counter type="METHOD" missed="0" covered="1"/></method><method name="readLine" desc="()Ljava/lang/String;" line="26"><counter type="INSTRUCTION" missed="8" covered="0"/><counter type="LINE" missed="2" covered="0"/><counter type="COMPLEXITY" missed="1" covered="0"/><counter type="METHOD" missed="1" covered="0"/></method><method name="readInt" desc="()I" line="34"><counter type="INSTRUCTION" missed="8" covered="0"/><counter type="LINE" missed="2" covered="0"/><counter type="COMPLEXITY" missed="1" covered="0"/><counter type="METHOD" missed="1" covered="0"/></method><method name="readDouble" desc="()D" line="42"><counter type="INSTRUCTION" missed="8" covered="0"/><counter type="LINE" missed="2" covered="0"/><counter type="COMPLEXITY" missed="1" covered="0"/><counter type="METHOD" missed="1" covered="0"/></method><method name="print" desc="(Ljava/lang/Object;)V" line="50"><counter type="INSTRUCTION" missed="4" covered="0"/><counter type="LINE" missed="2" covered="0"/><counter type="COMPLEXITY" missed="1" covered="0"/><counter type="METHOD" missed="1" covered="0"/></method><method name="println" desc="(Ljava/lang/Object;)V" line="57"><counter type="INSTRUCTION" missed="4" covered="0"/><counter type="LINE" missed="2" covered="0"/><counter type="COMPLEXITY" missed="1" covered="0"/><counter type="METHOD" missed="1" covered="0"/></method><counter type="INSTRUCTION" missed="35" covered="8"/><counter type="LINE" missed="11" covered="2"/><counter type="COMPLEXITY" missed="6" covered="1"/><counter type="METHOD" missed="6" covered="1"/><counter type="CLASS" missed="0" covered="1"/></class><sourcefile name="IoUtils.java"><line nr="12" mi="3" ci="0" mb="0" cb="0"/><line nr="18" mi="0" ci="5" mb="0" cb="0"/><line nr="19" mi="0" ci="3" mb="0" cb="0"/><line nr="26" mi="5" ci="0" mb="0" cb="0"/><line nr="27" mi="3" ci="0" mb="0" cb="0"/><line nr="34" mi="5" ci="0" mb="0" cb="0"/><line nr="35" mi="3" ci="0" mb="0" cb="0"/><line nr="42" mi="5" ci="0" mb="0" cb="0"/><line nr="43" mi="3" ci="0" mb="0" cb="0"/><line nr="50" mi="3" ci="0" mb="0" cb="0"/><line nr="51" mi="1" ci="0" mb="0" cb="0"/><line nr="57" mi="3" ci="0" mb="0" cb="0"/><line nr="58" mi="1" ci="0" mb="0" cb="0"/><counter type="INSTRUCTION" missed="35" covered="8"/><counter type="LINE" missed="11" covered="2"/><counter type="COMPLEXITY" missed="6" covered="1"/><counter type="METHOD" missed="6" covered="1"/><counter type="CLASS" missed="0" covered="1"/></sourcefile><sourcefile name="ErrorHandler.java"><line nr="12" mi="0" ci="2" mb="0" cb="0"/><line nr="13" mi="0" ci="5" mb="0" cb="0"/><line nr="14" mi="0" ci="1" mb="0" cb="0"/><line nr="17" mi="10" ci="0" mb="0" cb="0"/><line nr="18" mi="1" ci="0" mb="0" cb="0"/><line nr="21" mi="2" ci="6" mb="1" cb="1"/><line nr="25" mi="11" ci="0" mb="2" cb="0"/><line nr="26" mi="3" ci="0" mb="0" cb="0"/><line nr="27" mi="1" ci="0" mb="0" cb="0"/><line nr="28" mi="1" ci="0" mb="0" cb="0"/><line nr="31" mi="6" ci="0" mb="0" cb="0"/><line nr="35" mi="3" ci="0" mb="0" cb="0"/><line nr="36" mi="1" ci="0" mb="0" cb="0"/><line nr="43" mi="2" ci="0" mb="0" cb="0"/><line nr="44" mi="3" ci="0" mb="0" cb="0"/><line nr="45" mi="3" ci="0" mb="0" cb="0"/><line nr="46" mi="3" ci="0" mb="0" cb="0"/><line nr="47" mi="1" ci="0" mb="0" cb="0"/><line nr="50" mi="3" ci="0" mb="0" cb="0"/><line nr="54" mi="3" ci="0" mb="0" cb="0"/><line nr="58" mi="3" ci="0" mb="0" cb="0"/><line nr="63" mi="6" ci="0" mb="4" cb="0"/><line nr="64" mi="22" ci="0" mb="0" cb="0"/><line nr="66" mi="4" ci="0" mb="0" cb="0"/><counter type="INSTRUCTION" missed="92" covered="14"/><counter type="BRANCH" missed="7" covered="1"/><counter type="LINE" missed="20" covered="4"/><counter type="COMPLEXITY" missed="13" covered="2"/><counter type="METHOD" missed="9" covered="2"/><counter type="CLASS" missed="1" covered="1"/></sourcefile><counter type="INSTRUCTION" missed="127" covered="22"/><counter type="BRANCH" missed="7" covered="1"/><counter type="LINE" missed="31" covered="6"/><counter type="COMPLEXITY" missed="19" covered="3"/><counter type="METHOD" missed="15" covered="3"/><counter type="CLASS" missed="1" covered="2"/></package><package name="com/javdin/parser/generated"><class name="com/javdin/parser/generated/Symbols" sourcefilename="Symbols.java"><method name="&lt;clinit&gt;" desc="()V" line="72"><counter type="INSTRUCTION" missed="0" covered="248"/><counter type="LINE" missed="0" covered="1"/><counter type="COMPLEXITY" missed="0" covered="1"/><counter type="METHOD" missed="0" covered="1"/></method><counter type="INSTRUCTION" missed="0" covered="248"/><counter type="LINE" missed="0" covered="1"/><counter type="COMPLEXITY" missed="0" covered="1"/><counter type="METHOD" missed="0" covered="1"/><counter type="CLASS" missed="0" covered="1"/></class><class name="com/javdin/parser/generated/CupParser$CUP$CupParser$actions" sourcefilename="CupParser.java"><method name="&lt;init&gt;" desc="(Lcom/javdin/parser/generated/CupParser;Lcom/javdin/parser/generated/CupParser;)V" line="567"><counter type="INSTRUCTION" missed="0" covered="9"/><counter type="LINE" missed="0" covered="3"/><counter type="COMPLEXITY" missed="0" covered="1"/><counter type="METHOD" missed="0" covered="1"/></method><method name="CUP$CupParser$do_action_part00000000" desc="(ILjava_cup/runtime/lr_parser;Ljava/util/Stack;I)Ljava_cup/runtime/Symbol;" line="583"><counter type="INSTRUCTION" missed="1755" covered="2752"/><counter type="BRANCH" missed="37" covered="54"/><counter type="LINE" missed="265" covered="440"/><counter type="COMPLEXITY" missed="37" covered="54"/><counter type="METHOD" missed="0" covered="1"/></method><method name="CUP$CupParser$do_action" desc="(ILjava_cup/runtime/lr_parser;Ljava/util/Stack;I)Ljava_cup/runtime/Symbol;" line="1761"><counter type="INSTRUCTION" missed="0" covered="7"/><counter type="LINE" missed="0" covered="1"/><counter type="COMPLEXITY" missed="0" covered="1"/><counter type="METHOD" missed="0" covered="1"/></method><counter type="INSTRUCTION" missed="1755" covered="2768"/><counter type="BRANCH" missed="37" covered="54"/><counter type="LINE" missed="265" covered="444"/><counter type="COMPLEXITY" missed="37" covered="56"/><counter type="METHOD" missed="0" covered="3"/><counter type="CLASS" missed="0" covered="1"/></class><class name="com/javdin/parser/generated/CupParser" sourcefilename="CupParser.java"><method name="getSymbolContainer" desc="()Ljava/lang/Class;" line="20"><counter type="INSTRUCTION" missed="2" covered="0"/><counter type="LINE" missed="1" covered="0"/><counter type="COMPLEXITY" missed="1" covered="0"/><counter type="METHOD" missed="1" covered="0"/></method><method name="&lt;init&gt;" desc="()V" line="25"><counter type="INSTRUCTION" missed="3" covered="0"/><counter type="LINE" missed="1" covered="0"/><counter type="COMPLEXITY" missed="1" covered="0"/><counter type="METHOD" missed="1" covered="0"/></method><method name="&lt;init&gt;" desc="(Ljava_cup/runtime/Scanner;)V" line="29"><counter type="INSTRUCTION" missed="0" covered="4"/><counter type="LINE" missed="0" covered="1"/><counter type="COMPLEXITY" missed="0" covered="1"/><counter type="METHOD" missed="0" covered="1"/></method><method name="&lt;init&gt;" desc="(Ljava_cup/runtime/Scanner;Ljava_cup/runtime/SymbolFactory;)V" line="32"><counter type="INSTRUCTION" missed="5" covered="0"/><counter type="LINE" missed="1" covered="0"/><counter type="COMPLEXITY" missed="1" covered="0"/><counter type="METHOD" missed="1" covered="0"/></method><method name="production_table" desc="()[[S" line="67"><counter type="INSTRUCTION" missed="0" covered="2"/><counter type="LINE" missed="0" covered="1"/><counter type="COMPLEXITY" missed="0" covered="1"/><counter type="METHOD" missed="0" covered="1"/></method><method name="action_table" desc="()[[S" line="423"><counter type="INSTRUCTION" missed="0" covered="2"/><counter type="LINE" missed="0" covered="1"/><counter type="COMPLEXITY" missed="0" covered="1"/><counter type="METHOD" missed="0" covered="1"/></method><method name="reduce_table" desc="()[[S" line="526"><counter type="INSTRUCTION" missed="0" covered="2"/><counter type="LINE" missed="0" covered="1"/><counter type="COMPLEXITY" missed="0" covered="1"/><counter type="METHOD" missed="0" covered="1"/></method><method name="init_actions" desc="()V" line="534"><counter type="INSTRUCTION" missed="0" covered="8"/><counter type="LINE" missed="0" covered="2"/><counter type="COMPLEXITY" missed="0" covered="1"/><counter type="METHOD" missed="0" covered="1"/></method><method name="do_action" desc="(ILjava_cup/runtime/lr_parser;Ljava/util/Stack;I)Ljava_cup/runtime/Symbol;" line="546"><counter type="INSTRUCTION" missed="0" covered="8"/><counter type="LINE" missed="0" covered="1"/><counter type="COMPLEXITY" missed="0" covered="1"/><counter type="METHOD" missed="0" covered="1"/></method><method name="start_state" desc="()I" line="550"><counter type="INSTRUCTION" missed="0" covered="2"/><counter type="LINE" missed="0" covered="1"/><counter type="COMPLEXITY" missed="0" covered="1"/><counter type="METHOD" missed="0" covered="1"/></method><method name="start_production" desc="()I" line="552"><counter type="INSTRUCTION" missed="2" covered="0"/><counter type="LINE" missed="1" covered="0"/><counter type="COMPLEXITY" missed="1" covered="0"/><counter type="METHOD" missed="1" covered="0"/></method><method name="EOF_sym" desc="()I" line="555"><counter type="INSTRUCTION" missed="2" covered="0"/><counter type="LINE" missed="1" covered="0"/><counter type="COMPLEXITY" missed="1" covered="0"/><counter type="METHOD" missed="1" covered="0"/></method><method name="error_sym" desc="()I" line="558"><counter type="INSTRUCTION" missed="0" covered="2"/><counter type="LINE" missed="0" covered="1"/><counter type="COMPLEXITY" missed="0" covered="1"/><counter type="METHOD" missed="0" covered="1"/></method><method name="&lt;clinit&gt;" desc="()V" line="35"><counter type="INSTRUCTION" missed="0" covered="25"/><counter type="LINE" missed="0" covered="6"/><counter type="COMPLEXITY" missed="0" covered="1"/><counter type="METHOD" missed="0" covered="1"/></method><counter type="INSTRUCTION" missed="14" covered="55"/><counter type="LINE" missed="5" covered="15"/><counter type="COMPLEXITY" missed="5" covered="9"/><counter type="METHOD" missed="5" covered="9"/><counter type="CLASS" missed="0" covered="1"/></class><sourcefile name="Symbols.java"><line nr="72" mi="0" ci="248" mb="0" cb="0"/><counter type="INSTRUCTION" missed="0" covered="248"/><counter type="LINE" missed="0" covered="1"/><counter type="COMPLEXITY" missed="0" covered="1"/><counter type="METHOD" missed="0" covered="1"/><counter type="CLASS" missed="0" covered="1"/></sourcefile><sourcefile name="CupParser.java"><line nr="20" mi="2" ci="0" mb="0" cb="0"/><line nr="25" mi="3" ci="0" mb="0" cb="0"/><line nr="29" mi="0" ci="4" mb="0" cb="0"/><line nr="32" mi="5" ci="0" mb="0" cb="0"/><line nr="35" mi="0" ci="6" mb="0" cb="0"/><line nr="36" mi="0" ci="2" mb="0" cb="0"/><line nr="67" mi="0" ci="2" mb="0" cb="0"/><line nr="70" mi="0" ci="6" mb="0" cb="0"/><line nr="71" mi="0" ci="2" mb="0" cb="0"/><line nr="423" mi="0" ci="2" mb="0" cb="0"/><line nr="426" mi="0" ci="7" mb="0" cb="0"/><line nr="427" mi="0" ci="2" mb="0" cb="0"/><line nr="526" mi="0" ci="2" mb="0" cb="0"/><line nr="534" mi="0" ci="7" mb="0" cb="0"/><line nr="535" mi="0" ci="1" mb="0" cb="0"/><line nr="546" mi="0" ci="8" mb="0" cb="0"/><line nr="550" mi="0" ci="2" mb="0" cb="0"/><line nr="552" mi="2" ci="0" mb="0" cb="0"/><line nr="555" mi="2" ci="0" mb="0" cb="0"/><line nr="558" mi="0" ci="2" mb="0" cb="0"/><line nr="567" mi="0" ci="5" mb="0" cb="0"/><line nr="568" mi="0" ci="3" mb="0" cb="0"/><line nr="569" mi="0" ci="1" mb="0" cb="0"/><line nr="583" mi="0" ci="2" mb="37" cb="54"/><line nr="588" mi="0" ci="2" mb="0" cb="0"/><line nr="589" mi="0" ci="5" mb="0" cb="0"/><line nr="590" mi="0" ci="5" mb="0" cb="0"/><line nr="591" mi="0" ci="6" mb="0" cb="0"/><line nr="592" mi="0" ci="7" mb="0" cb="0"/><line nr="593" mi="0" ci="14" mb="0" cb="0"/><line nr="595" mi="0" ci="2" mb="0" cb="0"/><line nr="600" mi="0" ci="2" mb="0" cb="0"/><line nr="601" mi="0" ci="8" mb="0" cb="0"/><line nr="602" mi="0" ci="8" mb="0" cb="0"/><line nr="603" mi="0" ci="9" mb="0" cb="0"/><line nr="604" mi="0" ci="2" mb="0" cb="0"/><line nr="605" mi="0" ci="17" mb="0" cb="0"/><line nr="608" mi="0" ci="2" mb="0" cb="0"/><line nr="609" mi="0" ci="2" mb="0" cb="0"/><line nr="614" mi="0" ci="2" mb="0" cb="0"/><line nr="615" mi="0" ci="9" mb="0" cb="0"/><line nr="616" mi="0" ci="11" mb="0" cb="0"/><line nr="618" mi="0" ci="2" mb="0" cb="0"/><line nr="623" mi="0" ci="2" mb="0" cb="0"/><line nr="624" mi="0" ci="8" mb="0" cb="0"/><line nr="625" mi="0" ci="8" mb="0" cb="0"/><line nr="626" mi="0" ci="9" mb="0" cb="0"/><line nr="627" mi="0" ci="5" mb="0" cb="0"/><line nr="628" mi="0" ci="5" mb="0" cb="0"/><line nr="629" mi="0" ci="6" mb="0" cb="0"/><line nr="630" mi="0" ci="6" mb="0" cb="0"/><line nr="631" mi="0" ci="17" mb="0" cb="0"/><line nr="633" mi="0" ci="2" mb="0" cb="0"/><line nr="638" mi="0" ci="2" mb="0" cb="0"/><line nr="639" mi="0" ci="5" mb="0" cb="0"/><line nr="640" mi="0" ci="5" mb="0" cb="0"/><line nr="641" mi="0" ci="6" mb="0" cb="0"/><line nr="642" mi="0" ci="4" mb="0" cb="0"/><line nr="643" mi="0" ci="4" mb="0" cb="0"/><line nr="644" mi="0" ci="2" mb="0" cb="0"/><line nr="645" mi="0" ci="14" mb="0" cb="0"/><line nr="647" mi="0" ci="2" mb="0" cb="0"/><line nr="652" mi="2" ci="0" mb="0" cb="0"/><line nr="654" mi="14" ci="0" mb="0" cb="0"/><line nr="656" mi="2" ci="0" mb="0" cb="0"/><line nr="661" mi="2" ci="0" mb="0" cb="0"/><line nr="663" mi="11" ci="0" mb="0" cb="0"/><line nr="665" mi="2" ci="0" mb="0" cb="0"/><line nr="670" mi="2" ci="0" mb="0" cb="0"/><line nr="672" mi="17" ci="0" mb="0" cb="0"/><line nr="674" mi="2" ci="0" mb="0" cb="0"/><line nr="679" mi="0" ci="2" mb="0" cb="0"/><line nr="681" mi="0" ci="14" mb="0" cb="0"/><line nr="683" mi="0" ci="2" mb="0" cb="0"/><line nr="688" mi="0" ci="2" mb="0" cb="0"/><line nr="690" mi="0" ci="14" mb="0" cb="0"/><line nr="692" mi="0" ci="2" mb="0" cb="0"/><line nr="697" mi="0" ci="2" mb="0" cb="0"/><line nr="699" mi="0" ci="14" mb="0" cb="0"/><line nr="701" mi="0" ci="2" mb="0" cb="0"/><line nr="706" mi="0" ci="2" mb="0" cb="0"/><line nr="707" mi="0" ci="8" mb="0" cb="0"/><line nr="708" mi="0" ci="8" mb="0" cb="0"/><line nr="709" mi="0" ci="8" mb="0" cb="0"/><line nr="710" mi="0" ci="5" mb="0" cb="0"/><line nr="711" mi="0" ci="5" mb="0" cb="0"/><line nr="712" mi="0" ci="6" mb="0" cb="0"/><line nr="713" mi="0" ci="7" mb="0" cb="0"/><line nr="714" mi="0" ci="17" mb="0" cb="0"/><line nr="716" mi="0" ci="2" mb="0" cb="0"/><line nr="721" mi="0" ci="2" mb="0" cb="0"/><line nr="722" mi="0" ci="8" mb="0" cb="0"/><line nr="723" mi="0" ci="8" mb="0" cb="0"/><line nr="724" mi="0" ci="8" mb="0" cb="0"/><line nr="725" mi="0" ci="5" mb="0" cb="0"/><line nr="726" mi="0" ci="5" mb="0" cb="0"/><line nr="727" mi="0" ci="6" mb="0" cb="0"/><line nr="728" mi="0" ci="7" mb="0" cb="0"/><line nr="729" mi="0" ci="17" mb="0" cb="0"/><line nr="731" mi="0" ci="2" mb="0" cb="0"/><line nr="736" mi="0" ci="2" mb="0" cb="0"/><line nr="737" mi="0" ci="8" mb="0" cb="0"/><line nr="738" mi="0" ci="8" mb="0" cb="0"/><line nr="739" mi="0" ci="9" mb="0" cb="0"/><line nr="740" mi="0" ci="5" mb="0" cb="0"/><line nr="741" mi="0" ci="5" mb="0" cb="0"/><line nr="742" mi="0" ci="6" mb="0" cb="0"/><line nr="743" mi="0" ci="8" mb="0" cb="0"/><line nr="744" mi="0" ci="17" mb="0" cb="0"/><line nr="746" mi="0" ci="2" mb="0" cb="0"/><line nr="751" mi="0" ci="2" mb="0" cb="0"/><line nr="752" mi="0" ci="8" mb="0" cb="0"/><line nr="753" mi="0" ci="8" mb="0" cb="0"/><line nr="754" mi="0" ci="9" mb="0" cb="0"/><line nr="755" mi="0" ci="5" mb="0" cb="0"/><line nr="756" mi="0" ci="5" mb="0" cb="0"/><line nr="757" mi="0" ci="6" mb="0" cb="0"/><line nr="758" mi="0" ci="6" mb="0" cb="0"/><line nr="759" mi="0" ci="17" mb="0" cb="0"/><line nr="761" mi="0" ci="2" mb="0" cb="0"/><line nr="766" mi="0" ci="2" mb="0" cb="0"/><line nr="767" mi="0" ci="5" mb="0" cb="0"/><line nr="768" mi="0" ci="5" mb="0" cb="0"/><line nr="769" mi="0" ci="6" mb="0" cb="0"/><line nr="770" mi="0" ci="4" mb="0" cb="0"/><line nr="771" mi="0" ci="4" mb="0" cb="0"/><line nr="772" mi="0" ci="2" mb="0" cb="0"/><line nr="773" mi="0" ci="14" mb="0" cb="0"/><line nr="775" mi="0" ci="2" mb="0" cb="0"/><line nr="780" mi="0" ci="2" mb="0" cb="0"/><line nr="781" mi="0" ci="8" mb="0" cb="0"/><line nr="782" mi="0" ci="8" mb="0" cb="0"/><line nr="783" mi="0" ci="9" mb="0" cb="0"/><line nr="784" mi="0" ci="5" mb="0" cb="0"/><line nr="785" mi="0" ci="5" mb="0" cb="0"/><line nr="786" mi="0" ci="6" mb="0" cb="0"/><line nr="787" mi="0" ci="6" mb="0" cb="0"/><line nr="788" mi="0" ci="17" mb="0" cb="0"/><line nr="790" mi="0" ci="2" mb="0" cb="0"/><line nr="795" mi="0" ci="2" mb="0" cb="0"/><line nr="796" mi="0" ci="5" mb="0" cb="0"/><line nr="797" mi="0" ci="5" mb="0" cb="0"/><line nr="798" mi="0" ci="6" mb="0" cb="0"/><line nr="799" mi="0" ci="6" mb="0" cb="0"/><line nr="800" mi="0" ci="14" mb="0" cb="0"/><line nr="802" mi="0" ci="2" mb="0" cb="0"/><line nr="807" mi="2" ci="0" mb="0" cb="0"/><line nr="808" mi="8" ci="0" mb="0" cb="0"/><line nr="809" mi="8" ci="0" mb="0" cb="0"/><line nr="810" mi="9" ci="0" mb="0" cb="0"/><line nr="811" mi="5" ci="0" mb="0" cb="0"/><line nr="812" mi="5" ci="0" mb="0" cb="0"/><line nr="813" mi="6" ci="0" mb="0" cb="0"/><line nr="814" mi="9" ci="0" mb="0" cb="0"/><line nr="815" mi="17" ci="0" mb="0" cb="0"/><line nr="817" mi="2" ci="0" mb="0" cb="0"/><line nr="822" mi="2" ci="0" mb="0" cb="0"/><line nr="823" mi="8" ci="0" mb="0" cb="0"/><line nr="824" mi="8" ci="0" mb="0" cb="0"/><line nr="825" mi="9" ci="0" mb="0" cb="0"/><line nr="826" mi="5" ci="0" mb="0" cb="0"/><line nr="827" mi="5" ci="0" mb="0" cb="0"/><line nr="828" mi="6" ci="0" mb="0" cb="0"/><line nr="829" mi="9" ci="0" mb="0" cb="0"/><line nr="830" mi="17" ci="0" mb="0" cb="0"/><line nr="832" mi="2" ci="0" mb="0" cb="0"/><line nr="837" mi="2" ci="0" mb="0" cb="0"/><line nr="838" mi="8" ci="0" mb="0" cb="0"/><line nr="839" mi="8" ci="0" mb="0" cb="0"/><line nr="840" mi="9" ci="0" mb="0" cb="0"/><line nr="841" mi="5" ci="0" mb="0" cb="0"/><line nr="842" mi="5" ci="0" mb="0" cb="0"/><line nr="843" mi="6" ci="0" mb="0" cb="0"/><line nr="844" mi="9" ci="0" mb="0" cb="0"/><line nr="845" mi="17" ci="0" mb="0" cb="0"/><line nr="847" mi="2" ci="0" mb="0" cb="0"/><line nr="852" mi="0" ci="2" mb="0" cb="0"/><line nr="853" mi="0" ci="5" mb="0" cb="0"/><line nr="854" mi="0" ci="5" mb="0" cb="0"/><line nr="855" mi="0" ci="6" mb="0" cb="0"/><line nr="856" mi="0" ci="2" mb="0" cb="0"/><line nr="857" mi="0" ci="14" mb="0" cb="0"/><line nr="859" mi="0" ci="2" mb="0" cb="0"/><line nr="864" mi="2" ci="0" mb="0" cb="0"/><line nr="865" mi="8" ci="0" mb="0" cb="0"/><line nr="866" mi="8" ci="0" mb="0" cb="0"/><line nr="867" mi="9" ci="0" mb="0" cb="0"/><line nr="868" mi="5" ci="0" mb="0" cb="0"/><line nr="869" mi="5" ci="0" mb="0" cb="0"/><line nr="870" mi="6" ci="0" mb="0" cb="0"/><line nr="871" mi="9" ci="0" mb="0" cb="0"/><line nr="872" mi="17" ci="0" mb="0" cb="0"/><line nr="874" mi="2" ci="0" mb="0" cb="0"/><line nr="879" mi="2" ci="0" mb="0" cb="0"/><line nr="880" mi="8" ci="0" mb="0" cb="0"/><line nr="881" mi="8" ci="0" mb="0" cb="0"/><line nr="882" mi="9" ci="0" mb="0" cb="0"/><line nr="883" mi="5" ci="0" mb="0" cb="0"/><line nr="884" mi="5" ci="0" mb="0" cb="0"/><line nr="885" mi="6" ci="0" mb="0" cb="0"/><line nr="886" mi="9" ci="0" mb="0" cb="0"/><line nr="887" mi="17" ci="0" mb="0" cb="0"/><line nr="889" mi="2" ci="0" mb="0" cb="0"/><line nr="894" mi="2" ci="0" mb="0" cb="0"/><line nr="895" mi="8" ci="0" mb="0" cb="0"/><line nr="896" mi="8" ci="0" mb="0" cb="0"/><line nr="897" mi="9" ci="0" mb="0" cb="0"/><line nr="898" mi="5" ci="0" mb="0" cb="0"/><line nr="899" mi="5" ci="0" mb="0" cb="0"/><line nr="900" mi="6" ci="0" mb="0" cb="0"/><line nr="901" mi="9" ci="0" mb="0" cb="0"/><line nr="902" mi="17" ci="0" mb="0" cb="0"/><line nr="904" mi="2" ci="0" mb="0" cb="0"/><line nr="909" mi="2" ci="0" mb="0" cb="0"/><line nr="910" mi="8" ci="0" mb="0" cb="0"/><line nr="911" mi="8" ci="0" mb="0" cb="0"/><line nr="912" mi="9" ci="0" mb="0" cb="0"/><line nr="913" mi="5" ci="0" mb="0" cb="0"/><line nr="914" mi="5" ci="0" mb="0" cb="0"/><line nr="915" mi="6" ci="0" mb="0" cb="0"/><line nr="916" mi="9" ci="0" mb="0" cb="0"/><line nr="917" mi="17" ci="0" mb="0" cb="0"/><line nr="919" mi="2" ci="0" mb="0" cb="0"/><line nr="924" mi="2" ci="0" mb="0" cb="0"/><line nr="925" mi="8" ci="0" mb="0" cb="0"/><line nr="926" mi="8" ci="0" mb="0" cb="0"/><line nr="927" mi="9" ci="0" mb="0" cb="0"/><line nr="928" mi="5" ci="0" mb="0" cb="0"/><line nr="929" mi="5" ci="0" mb="0" cb="0"/><line nr="930" mi="6" ci="0" mb="0" cb="0"/><line nr="931" mi="9" ci="0" mb="0" cb="0"/><line nr="932" mi="17" ci="0" mb="0" cb="0"/><line nr="934" mi="2" ci="0" mb="0" cb="0"/><line nr="939" mi="2" ci="0" mb="0" cb="0"/><line nr="940" mi="8" ci="0" mb="0" cb="0"/><line nr="941" mi="8" ci="0" mb="0" cb="0"/><line nr="942" mi="9" ci="0" mb="0" cb="0"/><line nr="943" mi="5" ci="0" mb="0" cb="0"/><line nr="944" mi="5" ci="0" mb="0" cb="0"/><line nr="945" mi="6" ci="0" mb="0" cb="0"/><line nr="946" mi="9" ci="0" mb="0" cb="0"/><line nr="947" mi="17" ci="0" mb="0" cb="0"/><line nr="949" mi="2" ci="0" mb="0" cb="0"/><line nr="954" mi="2" ci="0" mb="0" cb="0"/><line nr="955" mi="8" ci="0" mb="0" cb="0"/><line nr="956" mi="8" ci="0" mb="0" cb="0"/><line nr="957" mi="9" ci="0" mb="0" cb="0"/><line nr="958" mi="5" ci="0" mb="0" cb="0"/><line nr="959" mi="5" ci="0" mb="0" cb="0"/><line nr="960" mi="6" ci="0" mb="0" cb="0"/><line nr="961" mi="9" ci="0" mb="0" cb="0"/><line nr="962" mi="17" ci="0" mb="0" cb="0"/><line nr="964" mi="2" ci="0" mb="0" cb="0"/><line nr="969" mi="0" ci="2" mb="0" cb="0"/><line nr="970" mi="0" ci="5" mb="0" cb="0"/><line nr="971" mi="0" ci="5" mb="0" cb="0"/><line nr="972" mi="0" ci="6" mb="0" cb="0"/><line nr="973" mi="0" ci="2" mb="0" cb="0"/><line nr="974" mi="0" ci="14" mb="0" cb="0"/><line nr="976" mi="0" ci="2" mb="0" cb="0"/><line nr="981" mi="0" ci="2" mb="0" cb="0"/><line nr="982" mi="0" ci="8" mb="0" cb="0"/><line nr="983" mi="0" ci="8" mb="0" cb="0"/><line nr="984" mi="0" ci="9" mb="0" cb="0"/><line nr="985" mi="0" ci="5" mb="0" cb="0"/><line nr="986" mi="0" ci="5" mb="0" cb="0"/><line nr="987" mi="0" ci="6" mb="0" cb="0"/><line nr="988" mi="0" ci="9" mb="0" cb="0"/><line nr="989" mi="0" ci="17" mb="0" cb="0"/><line nr="991" mi="0" ci="2" mb="0" cb="0"/><line nr="996" mi="2" ci="0" mb="0" cb="0"/><line nr="997" mi="8" ci="0" mb="0" cb="0"/><line nr="998" mi="8" ci="0" mb="0" cb="0"/><line nr="999" mi="9" ci="0" mb="0" cb="0"/><line nr="1000" mi="5" ci="0" mb="0" cb="0"/><line nr="1001" mi="5" ci="0" mb="0" cb="0"/><line nr="1002" mi="6" ci="0" mb="0" cb="0"/><line nr="1003" mi="9" ci="0" mb="0" cb="0"/><line nr="1004" mi="17" ci="0" mb="0" cb="0"/><line nr="1006" mi="2" ci="0" mb="0" cb="0"/><line nr="1011" mi="0" ci="2" mb="0" cb="0"/><line nr="1012" mi="0" ci="5" mb="0" cb="0"/><line nr="1013" mi="0" ci="5" mb="0" cb="0"/><line nr="1014" mi="0" ci="6" mb="0" cb="0"/><line nr="1015" mi="0" ci="2" mb="0" cb="0"/><line nr="1016" mi="0" ci="14" mb="0" cb="0"/><line nr="1018" mi="0" ci="2" mb="0" cb="0"/><line nr="1023" mi="0" ci="2" mb="0" cb="0"/><line nr="1024" mi="0" ci="8" mb="0" cb="0"/><line nr="1025" mi="0" ci="8" mb="0" cb="0"/><line nr="1026" mi="0" ci="9" mb="0" cb="0"/><line nr="1027" mi="0" ci="5" mb="0" cb="0"/><line nr="1028" mi="0" ci="5" mb="0" cb="0"/><line nr="1029" mi="0" ci="6" mb="0" cb="0"/><line nr="1030" mi="0" ci="9" mb="0" cb="0"/><line nr="1031" mi="0" ci="17" mb="0" cb="0"/><line nr="1033" mi="0" ci="2" mb="0" cb="0"/><line nr="1038" mi="2" ci="0" mb="0" cb="0"/><line nr="1039" mi="8" ci="0" mb="0" cb="0"/><line nr="1040" mi="8" ci="0" mb="0" cb="0"/><line nr="1041" mi="9" ci="0" mb="0" cb="0"/><line nr="1042" mi="5" ci="0" mb="0" cb="0"/><line nr="1043" mi="5" ci="0" mb="0" cb="0"/><line nr="1044" mi="6" ci="0" mb="0" cb="0"/><line nr="1045" mi="9" ci="0" mb="0" cb="0"/><line nr="1046" mi="17" ci="0" mb="0" cb="0"/><line nr="1048" mi="2" ci="0" mb="0" cb="0"/><line nr="1053" mi="0" ci="2" mb="0" cb="0"/><line nr="1054" mi="0" ci="5" mb="0" cb="0"/><line nr="1055" mi="0" ci="5" mb="0" cb="0"/><line nr="1056" mi="0" ci="6" mb="0" cb="0"/><line nr="1057" mi="0" ci="2" mb="0" cb="0"/><line nr="1058" mi="0" ci="14" mb="0" cb="0"/><line nr="1060" mi="0" ci="2" mb="0" cb="0"/><line nr="1065" mi="2" ci="0" mb="0" cb="0"/><line nr="1066" mi="8" ci="0" mb="0" cb="0"/><line nr="1067" mi="8" ci="0" mb="0" cb="0"/><line nr="1068" mi="8" ci="0" mb="0" cb="0"/><line nr="1069" mi="5" ci="0" mb="0" cb="0"/><line nr="1070" mi="5" ci="0" mb="0" cb="0"/><line nr="1071" mi="6" ci="0" mb="0" cb="0"/><line nr="1072" mi="8" ci="0" mb="0" cb="0"/><line nr="1073" mi="17" ci="0" mb="0" cb="0"/><line nr="1075" mi="2" ci="0" mb="0" cb="0"/><line nr="1080" mi="2" ci="0" mb="0" cb="0"/><line nr="1081" mi="8" ci="0" mb="0" cb="0"/><line nr="1082" mi="8" ci="0" mb="0" cb="0"/><line nr="1083" mi="8" ci="0" mb="0" cb="0"/><line nr="1084" mi="5" ci="0" mb="0" cb="0"/><line nr="1085" mi="5" ci="0" mb="0" cb="0"/><line nr="1086" mi="6" ci="0" mb="0" cb="0"/><line nr="1087" mi="8" ci="0" mb="0" cb="0"/><line nr="1088" mi="17" ci="0" mb="0" cb="0"/><line nr="1090" mi="2" ci="0" mb="0" cb="0"/><line nr="1095" mi="2" ci="0" mb="0" cb="0"/><line nr="1096" mi="8" ci="0" mb="0" cb="0"/><line nr="1097" mi="8" ci="0" mb="0" cb="0"/><line nr="1098" mi="8" ci="0" mb="0" cb="0"/><line nr="1099" mi="5" ci="0" mb="0" cb="0"/><line nr="1100" mi="5" ci="0" mb="0" cb="0"/><line nr="1101" mi="6" ci="0" mb="0" cb="0"/><line nr="1102" mi="8" ci="0" mb="0" cb="0"/><line nr="1103" mi="17" ci="0" mb="0" cb="0"/><line nr="1105" mi="2" ci="0" mb="0" cb="0"/><line nr="1110" mi="2" ci="0" mb="0" cb="0"/><line nr="1111" mi="8" ci="0" mb="0" cb="0"/><line nr="1112" mi="8" ci="0" mb="0" cb="0"/><line nr="1113" mi="9" ci="0" mb="0" cb="0"/><line nr="1114" mi="5" ci="0" mb="0" cb="0"/><line nr="1115" mi="5" ci="0" mb="0" cb="0"/><line nr="1116" mi="6" ci="0" mb="0" cb="0"/><line nr="1117" mi="8" ci="0" mb="0" cb="0"/><line nr="1118" mi="17" ci="0" mb="0" cb="0"/><line nr="1120" mi="2" ci="0" mb="0" cb="0"/><line nr="1125" mi="0" ci="2" mb="0" cb="0"/><line nr="1126" mi="0" ci="5" mb="0" cb="0"/><line nr="1127" mi="0" ci="5" mb="0" cb="0"/><line nr="1128" mi="0" ci="6" mb="0" cb="0"/><line nr="1129" mi="0" ci="2" mb="0" cb="0"/><line nr="1130" mi="0" ci="14" mb="0" cb="0"/><line nr="1132" mi="0" ci="2" mb="0" cb="0"/><line nr="1137" mi="2" ci="0" mb="0" cb="0"/><line nr="1138" mi="2" ci="0" mb="0" cb="0"/><line nr="1139" mi="14" ci="0" mb="0" cb="0"/><line nr="1141" mi="2" ci="0" mb="0" cb="0"/><line nr="1146" mi="2" ci="0" mb="0" cb="0"/><line nr="1147" mi="2" ci="0" mb="0" cb="0"/><line nr="1148" mi="14" ci="0" mb="0" cb="0"/><line nr="1150" mi="2" ci="0" mb="0" cb="0"/><line nr="1155" mi="2" ci="0" mb="0" cb="0"/><line nr="1156" mi="2" ci="0" mb="0" cb="0"/><line nr="1157" mi="14" ci="0" mb="0" cb="0"/><line nr="1159" mi="2" ci="0" mb="0" cb="0"/><line nr="1164" mi="2" ci="0" mb="0" cb="0"/><line nr="1165" mi="2" ci="0" mb="0" cb="0"/><line nr="1166" mi="14" ci="0" mb="0" cb="0"/><line nr="1168" mi="2" ci="0" mb="0" cb="0"/><line nr="1173" mi="2" ci="0" mb="0" cb="0"/><line nr="1174" mi="2" ci="0" mb="0" cb="0"/><line nr="1175" mi="14" ci="0" mb="0" cb="0"/><line nr="1177" mi="2" ci="0" mb="0" cb="0"/><line nr="1182" mi="2" ci="0" mb="0" cb="0"/><line nr="1183" mi="2" ci="0" mb="0" cb="0"/><line nr="1184" mi="14" ci="0" mb="0" cb="0"/><line nr="1186" mi="2" ci="0" mb="0" cb="0"/><line nr="1191" mi="2" ci="0" mb="0" cb="0"/><line nr="1192" mi="2" ci="0" mb="0" cb="0"/><line nr="1193" mi="14" ci="0" mb="0" cb="0"/><line nr="1195" mi="2" ci="0" mb="0" cb="0"/><line nr="1200" mi="2" ci="0" mb="0" cb="0"/><line nr="1201" mi="2" ci="0" mb="0" cb="0"/><line nr="1202" mi="14" ci="0" mb="0" cb="0"/><line nr="1204" mi="2" ci="0" mb="0" cb="0"/><line nr="1209" mi="0" ci="2" mb="0" cb="0"/><line nr="1210" mi="0" ci="5" mb="0" cb="0"/><line nr="1211" mi="0" ci="5" mb="0" cb="0"/><line nr="1212" mi="0" ci="6" mb="0" cb="0"/><line nr="1213" mi="0" ci="2" mb="0" cb="0"/><line nr="1214" mi="0" ci="14" mb="0" cb="0"/><line nr="1216" mi="0" ci="2" mb="0" cb="0"/><line nr="1221" mi="0" ci="2" mb="0" cb="0"/><line nr="1222" mi="0" ci="5" mb="0" cb="0"/><line nr="1223" mi="0" ci="5" mb="0" cb="0"/><line nr="1224" mi="0" ci="6" mb="0" cb="0"/><line nr="1225" mi="0" ci="2" mb="0" cb="0"/><line nr="1226" mi="0" ci="14" mb="0" cb="0"/><line nr="1228" mi="0" ci="2" mb="0" cb="0"/><line nr="1233" mi="2" ci="0" mb="0" cb="0"/><line nr="1234" mi="8" ci="0" mb="0" cb="0"/><line nr="1235" mi="8" ci="0" mb="0" cb="0"/><line nr="1236" mi="8" ci="0" mb="0" cb="0"/><line nr="1237" mi="8" ci="0" mb="0" cb="0"/><line nr="1238" mi="8" ci="0" mb="0" cb="0"/><line nr="1239" mi="9" ci="0" mb="0" cb="0"/><line nr="1240" mi="2" ci="0" mb="0" cb="0"/><line nr="1241" mi="17" ci="0" mb="0" cb="0"/><line nr="1243" mi="2" ci="0" mb="0" cb="0"/><line nr="1248" mi="0" ci="2" mb="0" cb="0"/><line nr="1249" mi="0" ci="5" mb="0" cb="0"/><line nr="1250" mi="0" ci="5" mb="0" cb="0"/><line nr="1251" mi="0" ci="6" mb="0" cb="0"/><line nr="1252" mi="0" ci="2" mb="0" cb="0"/><line nr="1253" mi="0" ci="14" mb="0" cb="0"/><line nr="1255" mi="0" ci="2" mb="0" cb="0"/><line nr="1260" mi="0" ci="2" mb="0" cb="0"/><line nr="1261" mi="0" ci="8" mb="0" cb="0"/><line nr="1262" mi="0" ci="8" mb="0" cb="0"/><line nr="1263" mi="0" ci="9" mb="0" cb="0"/><line nr="1264" mi="0" ci="8" mb="0" cb="0"/><line nr="1265" mi="0" ci="8" mb="0" cb="0"/><line nr="1266" mi="0" ci="9" mb="0" cb="0"/><line nr="1267" mi="0" ci="8" mb="0" cb="0"/><line nr="1268" mi="0" ci="17" mb="0" cb="0"/><line nr="1270" mi="0" ci="2" mb="0" cb="0"/><line nr="1275" mi="0" ci="2" mb="0" cb="0"/><line nr="1276" mi="0" ci="8" mb="0" cb="0"/><line nr="1277" mi="0" ci="8" mb="0" cb="0"/><line nr="1278" mi="0" ci="9" mb="0" cb="0"/><line nr="1279" mi="0" ci="8" mb="0" cb="0"/><line nr="1280" mi="0" ci="8" mb="0" cb="0"/><line nr="1281" mi="0" ci="9" mb="0" cb="0"/><line nr="1282" mi="0" ci="8" mb="0" cb="0"/><line nr="1283" mi="0" ci="17" mb="0" cb="0"/><line nr="1285" mi="0" ci="2" mb="0" cb="0"/><line nr="1290" mi="0" ci="2" mb="0" cb="0"/><line nr="1291" mi="0" ci="8" mb="0" cb="0"/><line nr="1292" mi="0" ci="8" mb="0" cb="0"/><line nr="1293" mi="0" ci="9" mb="0" cb="0"/><line nr="1294" mi="0" ci="5" mb="0" cb="0"/><line nr="1295" mi="0" ci="5" mb="0" cb="0"/><line nr="1296" mi="0" ci="6" mb="0" cb="0"/><line nr="1297" mi="0" ci="8" mb="0" cb="0"/><line nr="1298" mi="0" ci="17" mb="0" cb="0"/><line nr="1300" mi="0" ci="2" mb="0" cb="0"/><line nr="1305" mi="0" ci="2" mb="0" cb="0"/><line nr="1306" mi="0" ci="8" mb="0" cb="0"/><line nr="1307" mi="0" ci="8" mb="0" cb="0"/><line nr="1308" mi="0" ci="9" mb="0" cb="0"/><line nr="1309" mi="0" ci="5" mb="0" cb="0"/><line nr="1310" mi="0" ci="5" mb="0" cb="0"/><line nr="1311" mi="0" ci="6" mb="0" cb="0"/><line nr="1312" mi="0" ci="9" mb="0" cb="0"/><line nr="1313" mi="0" ci="17" mb="0" cb="0"/><line nr="1315" mi="0" ci="2" mb="0" cb="0"/><line nr="1320" mi="0" ci="2" mb="0" cb="0"/><line nr="1321" mi="0" ci="5" mb="0" cb="0"/><line nr="1322" mi="0" ci="5" mb="0" cb="0"/><line nr="1323" mi="0" ci="6" mb="0" cb="0"/><line nr="1324" mi="0" ci="7" mb="0" cb="0"/><line nr="1325" mi="0" ci="14" mb="0" cb="0"/><line nr="1327" mi="0" ci="2" mb="0" cb="0"/><line nr="1332" mi="0" ci="2" mb="0" cb="0"/><line nr="1333" mi="0" ci="5" mb="0" cb="0"/><line nr="1334" mi="0" ci="5" mb="0" cb="0"/><line nr="1335" mi="0" ci="6" mb="0" cb="0"/><line nr="1336" mi="0" ci="2" mb="0" cb="0"/><line nr="1337" mi="0" ci="14" mb="0" cb="0"/><line nr="1339" mi="0" ci="2" mb="0" cb="0"/><line nr="1344" mi="2" ci="0" mb="0" cb="0"/><line nr="1345" mi="4" ci="0" mb="0" cb="0"/><line nr="1346" mi="11" ci="0" mb="0" cb="0"/><line nr="1348" mi="2" ci="0" mb="0" cb="0"/><line nr="1353" mi="0" ci="2" mb="0" cb="0"/><line nr="1354" mi="0" ci="8" mb="0" cb="0"/><line nr="1355" mi="0" ci="8" mb="0" cb="0"/><line nr="1356" mi="0" ci="9" mb="0" cb="0"/><line nr="1357" mi="0" ci="5" mb="0" cb="0"/><line nr="1358" mi="0" ci="5" mb="0" cb="0"/><line nr="1359" mi="0" ci="6" mb="0" cb="0"/><line nr="1360" mi="0" ci="6" mb="0" cb="0"/><line nr="1361" mi="0" ci="17" mb="0" cb="0"/><line nr="1363" mi="0" ci="2" mb="0" cb="0"/><line nr="1368" mi="0" ci="2" mb="0" cb="0"/><line nr="1369" mi="0" ci="5" mb="0" cb="0"/><line nr="1370" mi="0" ci="5" mb="0" cb="0"/><line nr="1371" mi="0" ci="6" mb="0" cb="0"/><line nr="1372" mi="0" ci="4" mb="0" cb="0"/><line nr="1373" mi="0" ci="4" mb="0" cb="0"/><line nr="1374" mi="0" ci="2" mb="0" cb="0"/><line nr="1375" mi="0" ci="14" mb="0" cb="0"/><line nr="1377" mi="0" ci="2" mb="0" cb="0"/><line nr="1382" mi="0" ci="2" mb="0" cb="0"/><line nr="1383" mi="0" ci="5" mb="0" cb="0"/><line nr="1384" mi="0" ci="5" mb="0" cb="0"/><line nr="1385" mi="0" ci="6" mb="0" cb="0"/><line nr="1386" mi="0" ci="8" mb="0" cb="0"/><line nr="1387" mi="0" ci="14" mb="0" cb="0"/><line nr="1389" mi="0" ci="2" mb="0" cb="0"/><line nr="1394" mi="0" ci="2" mb="0" cb="0"/><line nr="1395" mi="0" ci="5" mb="0" cb="0"/><line nr="1396" mi="0" ci="5" mb="0" cb="0"/><line nr="1397" mi="0" ci="6" mb="0" cb="0"/><line nr="1398" mi="0" ci="8" mb="0" cb="0"/><line nr="1399" mi="0" ci="14" mb="0" cb="0"/><line nr="1401" mi="0" ci="2" mb="0" cb="0"/><line nr="1406" mi="0" ci="2" mb="0" cb="0"/><line nr="1407" mi="0" ci="5" mb="0" cb="0"/><line nr="1408" mi="0" ci="5" mb="0" cb="0"/><line nr="1409" mi="0" ci="6" mb="0" cb="0"/><line nr="1410" mi="0" ci="8" mb="0" cb="0"/><line nr="1411" mi="0" ci="14" mb="0" cb="0"/><line nr="1413" mi="0" ci="2" mb="0" cb="0"/><line nr="1418" mi="0" ci="2" mb="0" cb="0"/><line nr="1419" mi="0" ci="5" mb="0" cb="0"/><line nr="1420" mi="0" ci="5" mb="0" cb="0"/><line nr="1421" mi="0" ci="5" mb="0" cb="0"/><line nr="1422" mi="0" ci="9" mb="0" cb="0"/><line nr="1423" mi="0" ci="14" mb="0" cb="0"/><line nr="1425" mi="0" ci="2" mb="0" cb="0"/><line nr="1430" mi="2" ci="0" mb="0" cb="0"/><line nr="1431" mi="5" ci="0" mb="0" cb="0"/><line nr="1432" mi="5" ci="0" mb="0" cb="0"/><line nr="1433" mi="5" ci="0" mb="0" cb="0"/><line nr="1434" mi="9" ci="0" mb="0" cb="0"/><line nr="1435" mi="14" ci="0" mb="0" cb="0"/><line nr="1437" mi="2" ci="0" mb="0" cb="0"/><line nr="1442" mi="2" ci="0" mb="0" cb="0"/><line nr="1443" mi="5" ci="0" mb="0" cb="0"/><line nr="1444" mi="5" ci="0" mb="0" cb="0"/><line nr="1445" mi="5" ci="0" mb="0" cb="0"/><line nr="1446" mi="8" ci="0" mb="0" cb="0"/><line nr="1447" mi="14" ci="0" mb="0" cb="0"/><line nr="1449" mi="2" ci="0" mb="0" cb="0"/><line nr="1454" mi="0" ci="2" mb="0" cb="0"/><line nr="1455" mi="0" ci="5" mb="0" cb="0"/><line nr="1456" mi="0" ci="5" mb="0" cb="0"/><line nr="1457" mi="0" ci="6" mb="0" cb="0"/><line nr="1458" mi="0" ci="2" mb="0" cb="0"/><line nr="1459" mi="0" ci="14" mb="0" cb="0"/><line nr="1461" mi="0" ci="2" mb="0" cb="0"/><line nr="1466" mi="0" ci="2" mb="0" cb="0"/><line nr="1467" mi="0" ci="5" mb="0" cb="0"/><line nr="1468" mi="0" ci="5" mb="0" cb="0"/><line nr="1469" mi="0" ci="6" mb="0" cb="0"/><line nr="1470" mi="0" ci="2" mb="0" cb="0"/><line nr="1471" mi="0" ci="14" mb="0" cb="0"/><line nr="1473" mi="0" ci="2" mb="0" cb="0"/><line nr="1478" mi="0" ci="2" mb="0" cb="0"/><line nr="1479" mi="0" ci="5" mb="0" cb="0"/><line nr="1480" mi="0" ci="5" mb="0" cb="0"/><line nr="1481" mi="0" ci="6" mb="0" cb="0"/><line nr="1482" mi="0" ci="2" mb="0" cb="0"/><line nr="1483" mi="0" ci="14" mb="0" cb="0"/><line nr="1485" mi="0" ci="2" mb="0" cb="0"/><line nr="1490" mi="2" ci="0" mb="0" cb="0"/><line nr="1491" mi="5" ci="0" mb="0" cb="0"/><line nr="1492" mi="5" ci="0" mb="0" cb="0"/><line nr="1493" mi="5" ci="0" mb="0" cb="0"/><line nr="1494" mi="9" ci="0" mb="0" cb="0"/><line nr="1495" mi="14" ci="0" mb="0" cb="0"/><line nr="1497" mi="2" ci="0" mb="0" cb="0"/><line nr="1502" mi="2" ci="0" mb="0" cb="0"/><line nr="1503" mi="8" ci="0" mb="0" cb="0"/><line nr="1504" mi="8" ci="0" mb="0" cb="0"/><line nr="1505" mi="8" ci="0" mb="0" cb="0"/><line nr="1506" mi="9" ci="0" mb="0" cb="0"/><line nr="1507" mi="17" ci="0" mb="0" cb="0"/><line nr="1509" mi="2" ci="0" mb="0" cb="0"/><line nr="1514" mi="0" ci="2" mb="0" cb="0"/><line nr="1515" mi="0" ci="8" mb="0" cb="0"/><line nr="1516" mi="0" ci="8" mb="0" cb="0"/><line nr="1517" mi="0" ci="8" mb="0" cb="0"/><line nr="1518" mi="0" ci="8" mb="0" cb="0"/><line nr="1519" mi="0" ci="8" mb="0" cb="0"/><line nr="1520" mi="0" ci="9" mb="0" cb="0"/><line nr="1521" mi="0" ci="7" mb="0" cb="0"/><line nr="1522" mi="0" ci="17" mb="0" cb="0"/><line nr="1524" mi="0" ci="2" mb="0" cb="0"/><line nr="1529" mi="0" ci="2" mb="0" cb="0"/><line nr="1530" mi="0" ci="8" mb="0" cb="0"/><line nr="1531" mi="0" ci="8" mb="0" cb="0"/><line nr="1532" mi="0" ci="9" mb="0" cb="0"/><line nr="1533" mi="0" ci="5" mb="0" cb="0"/><line nr="1534" mi="0" ci="5" mb="0" cb="0"/><line nr="1535" mi="0" ci="6" mb="0" cb="0"/><line nr="1536" mi="0" ci="6" mb="0" cb="0"/><line nr="1537" mi="0" ci="17" mb="0" cb="0"/><line nr="1539" mi="0" ci="2" mb="0" cb="0"/><line nr="1544" mi="0" ci="2" mb="0" cb="0"/><line nr="1545" mi="0" ci="5" mb="0" cb="0"/><line nr="1546" mi="0" ci="5" mb="0" cb="0"/><line nr="1547" mi="0" ci="6" mb="0" cb="0"/><line nr="1548" mi="0" ci="4" mb="0" cb="0"/><line nr="1549" mi="0" ci="4" mb="0" cb="0"/><line nr="1550" mi="0" ci="2" mb="0" cb="0"/><line nr="1551" mi="0" ci="14" mb="0" cb="0"/><line nr="1553" mi="0" ci="2" mb="0" cb="0"/><line nr="1558" mi="2" ci="0" mb="0" cb="0"/><line nr="1559" mi="5" ci="0" mb="0" cb="0"/><line nr="1560" mi="5" ci="0" mb="0" cb="0"/><line nr="1561" mi="5" ci="0" mb="0" cb="0"/><line nr="1562" mi="9" ci="0" mb="0" cb="0"/><line nr="1563" mi="14" ci="0" mb="0" cb="0"/><line nr="1565" mi="2" ci="0" mb="0" cb="0"/><line nr="1570" mi="2" ci="0" mb="0" cb="0"/><line nr="1571" mi="8" ci="0" mb="0" cb="0"/><line nr="1572" mi="8" ci="0" mb="0" cb="0"/><line nr="1573" mi="8" ci="0" mb="0" cb="0"/><line nr="1574" mi="9" ci="0" mb="0" cb="0"/><line nr="1575" mi="17" ci="0" mb="0" cb="0"/><line nr="1577" mi="2" ci="0" mb="0" cb="0"/><line nr="1582" mi="0" ci="2" mb="0" cb="0"/><line nr="1583" mi="0" ci="8" mb="0" cb="0"/><line nr="1584" mi="0" ci="8" mb="0" cb="0"/><line nr="1585" mi="0" ci="8" mb="0" cb="0"/><line nr="1586" mi="0" ci="8" mb="0" cb="0"/><line nr="1587" mi="0" ci="8" mb="0" cb="0"/><line nr="1588" mi="0" ci="9" mb="0" cb="0"/><line nr="1589" mi="0" ci="7" mb="0" cb="0"/><line nr="1590" mi="0" ci="17" mb="0" cb="0"/><line nr="1592" mi="0" ci="2" mb="0" cb="0"/><line nr="1597" mi="0" ci="2" mb="0" cb="0"/><line nr="1598" mi="0" ci="8" mb="0" cb="0"/><line nr="1599" mi="0" ci="8" mb="0" cb="0"/><line nr="1600" mi="0" ci="9" mb="0" cb="0"/><line nr="1601" mi="0" ci="5" mb="0" cb="0"/><line nr="1602" mi="0" ci="5" mb="0" cb="0"/><line nr="1603" mi="0" ci="6" mb="0" cb="0"/><line nr="1604" mi="0" ci="6" mb="0" cb="0"/><line nr="1605" mi="0" ci="17" mb="0" cb="0"/><line nr="1607" mi="0" ci="2" mb="0" cb="0"/><line nr="1612" mi="0" ci="2" mb="0" cb="0"/><line nr="1613" mi="0" ci="5" mb="0" cb="0"/><line nr="1614" mi="0" ci="5" mb="0" cb="0"/><line nr="1615" mi="0" ci="6" mb="0" cb="0"/><line nr="1616" mi="0" ci="4" mb="0" cb="0"/><line nr="1617" mi="0" ci="4" mb="0" cb="0"/><line nr="1618" mi="0" ci="2" mb="0" cb="0"/><line nr="1619" mi="0" ci="14" mb="0" cb="0"/><line nr="1621" mi="0" ci="2" mb="0" cb="0"/><line nr="1626" mi="0" ci="2" mb="0" cb="0"/><line nr="1627" mi="0" ci="8" mb="0" cb="0"/><line nr="1628" mi="0" ci="8" mb="0" cb="0"/><line nr="1629" mi="0" ci="9" mb="0" cb="0"/><line nr="1630" mi="0" ci="5" mb="0" cb="0"/><line nr="1631" mi="0" ci="5" mb="0" cb="0"/><line nr="1632" mi="0" ci="6" mb="0" cb="0"/><line nr="1633" mi="0" ci="6" mb="0" cb="0"/><line nr="1634" mi="0" ci="17" mb="0" cb="0"/><line nr="1636" mi="0" ci="2" mb="0" cb="0"/><line nr="1641" mi="2" ci="0" mb="0" cb="0"/><line nr="1642" mi="5" ci="0" mb="0" cb="0"/><line nr="1643" mi="5" ci="0" mb="0" cb="0"/><line nr="1644" mi="6" ci="0" mb="0" cb="0"/><line nr="1645" mi="6" ci="0" mb="0" cb="0"/><line nr="1646" mi="14" ci="0" mb="0" cb="0"/><line nr="1648" mi="2" ci="0" mb="0" cb="0"/><line nr="1653" mi="0" ci="2" mb="0" cb="0"/><line nr="1654" mi="0" ci="8" mb="0" cb="0"/><line nr="1655" mi="0" ci="8" mb="0" cb="0"/><line nr="1656" mi="0" ci="8" mb="0" cb="0"/><line nr="1657" mi="0" ci="8" mb="0" cb="0"/><line nr="1658" mi="0" ci="8" mb="0" cb="0"/><line nr="1659" mi="0" ci="9" mb="0" cb="0"/><line nr="1660" mi="0" ci="8" mb="0" cb="0"/><line nr="1661" mi="0" ci="8" mb="0" cb="0"/><line nr="1662" mi="0" ci="9" mb="0" cb="0"/><line nr="1663" mi="0" ci="9" mb="0" cb="0"/><line nr="1664" mi="0" ci="17" mb="0" cb="0"/><line nr="1666" mi="0" ci="2" mb="0" cb="0"/><line nr="1671" mi="0" ci="2" mb="0" cb="0"/><line nr="1672" mi="0" ci="8" mb="0" cb="0"/><line nr="1673" mi="0" ci="8" mb="0" cb="0"/><line nr="1674" mi="0" ci="8" mb="0" cb="0"/><line nr="1675" mi="0" ci="8" mb="0" cb="0"/><line nr="1676" mi="0" ci="8" mb="0" cb="0"/><line nr="1677" mi="0" ci="9" mb="0" cb="0"/><line nr="1678" mi="0" ci="5" mb="0" cb="0"/><line nr="1679" mi="0" ci="5" mb="0" cb="0"/><line nr="1680" mi="0" ci="6" mb="0" cb="0"/><line nr="1681" mi="0" ci="9" mb="0" cb="0"/><line nr="1682" mi="0" ci="17" mb="0" cb="0"/><line nr="1684" mi="0" ci="2" mb="0" cb="0"/><line nr="1689" mi="0" ci="2" mb="0" cb="0"/><line nr="1690" mi="0" ci="8" mb="0" cb="0"/><line nr="1691" mi="0" ci="8" mb="0" cb="0"/><line nr="1692" mi="0" ci="9" mb="0" cb="0"/><line nr="1693" mi="0" ci="2" mb="0" cb="0"/><line nr="1694" mi="0" ci="17" mb="0" cb="0"/><line nr="1696" mi="0" ci="2" mb="0" cb="0"/><line nr="1701" mi="0" ci="2" mb="0" cb="0"/><line nr="1702" mi="0" ci="4" mb="0" cb="0"/><line nr="1703" mi="0" ci="17" mb="0" cb="0"/><line nr="1705" mi="0" ci="2" mb="0" cb="0"/><line nr="1710" mi="0" ci="2" mb="0" cb="0"/><line nr="1711" mi="0" ci="4" mb="0" cb="0"/><line nr="1712" mi="0" ci="11" mb="0" cb="0"/><line nr="1714" mi="0" ci="2" mb="0" cb="0"/><line nr="1719" mi="0" ci="2" mb="0" cb="0"/><line nr="1720" mi="0" ci="8" mb="0" cb="0"/><line nr="1721" mi="0" ci="8" mb="0" cb="0"/><line nr="1722" mi="0" ci="9" mb="0" cb="0"/><line nr="1723" mi="0" ci="5" mb="0" cb="0"/><line nr="1724" mi="0" ci="5" mb="0" cb="0"/><line nr="1725" mi="0" ci="6" mb="0" cb="0"/><line nr="1726" mi="0" ci="6" mb="0" cb="0"/><line nr="1727" mi="0" ci="17" mb="0" cb="0"/><line nr="1729" mi="0" ci="2" mb="0" cb="0"/><line nr="1734" mi="0" ci="2" mb="0" cb="0"/><line nr="1735" mi="0" ci="5" mb="0" cb="0"/><line nr="1736" mi="0" ci="5" mb="0" cb="0"/><line nr="1737" mi="0" ci="6" mb="0" cb="0"/><line nr="1738" mi="0" ci="4" mb="0" cb="0"/><line nr="1739" mi="0" ci="4" mb="0" cb="0"/><line nr="1740" mi="0" ci="2" mb="0" cb="0"/><line nr="1741" mi="0" ci="14" mb="0" cb="0"/><line nr="1743" mi="0" ci="2" mb="0" cb="0"/><line nr="1747" mi="6" ci="0" mb="0" cb="0"/><line nr="1761" mi="0" ci="7" mb="0" cb="0"/><counter type="INSTRUCTION" missed="1769" covered="2823"/><counter type="BRANCH" missed="37" covered="54"/><counter type="LINE" missed="270" covered="459"/><counter type="COMPLEXITY" missed="42" covered="65"/><counter type="METHOD" missed="5" covered="12"/><counter type="CLASS" missed="0" covered="2"/></sourcefile><counter type="INSTRUCTION" missed="1769" covered="3071"/><counter type="BRANCH" missed="37" covered="54"/><counter type="LINE" missed="270" covered="460"/><counter type="COMPLEXITY" missed="42" covered="66"/><counter type="METHOD" missed="5" covered="13"/><counter type="CLASS" missed="0" covered="3"/></package><package name="com/javdin/parser"><class name="com/javdin/parser/Parser" sourcefilename="Parser.java"><method name="&lt;init&gt;" desc="(Lcom/javdin/lexer/Lexer;)V" line="14"><counter type="INSTRUCTION" missed="0" covered="6"/><counter type="LINE" missed="0" covered="3"/><counter type="COMPLEXITY" missed="0" covered="1"/><counter type="METHOD" missed="0" covered="1"/></method><method name="parse" desc="()Lcom/javdin/ast/ProgramNode;" line="26"><counter type="INSTRUCTION" missed="1" covered="34"/><counter type="BRANCH" missed="1" covered="1"/><counter type="LINE" missed="0" covered="7"/><counter type="COMPLEXITY" missed="1" covered="1"/><counter type="METHOD" missed="0" covered="1"/></method><counter type="INSTRUCTION" missed="1" covered="40"/><counter type="BRANCH" missed="1" covered="1"/><counter type="LINE" missed="0" covered="10"/><counter type="COMPLEXITY" missed="1" covered="2"/><counter type="METHOD" missed="0" covered="2"/><counter type="CLASS" missed="0" covered="1"/></class><class name="com/javdin/parser/LexerAdapter" sourcefilename="LexerAdapter.java"><method name="&lt;init&gt;" desc="(Lcom/javdin/lexer/Lexer;)V" line="17"><counter type="INSTRUCTION" missed="0" covered="9"/><counter type="LINE" missed="0" covered="4"/><counter type="COMPLEXITY" missed="0" covered="1"/><counter type="METHOD" missed="0" covered="1"/></method><method name="next_token" desc="()Ljava_cup/runtime/Symbol;" line="28"><counter type="INSTRUCTION" missed="0" covered="28"/><counter type="LINE" missed="0" covered="4"/><counter type="COMPLEXITY" missed="0" covered="1"/><counter type="METHOD" missed="0" covered="1"/></method><method name="mapTokenTypeToSymbol" desc="(Lcom/javdin/lexer/TokenType;)I" line="40"><counter type="INSTRUCTION" missed="85" covered="56"/><counter type="BRANCH" missed="37" covered="25"/><counter type="LINE" missed="38" covered="26"/><counter type="COMPLEXITY" missed="37" covered="25"/><counter type="METHOD" missed="0" covered="1"/></method><method name="extractTokenValue" desc="(Lcom/javdin/lexer/Token;)Ljava/lang/Object;" line="128"><counter type="INSTRUCTION" missed="28" covered="38"/><counter type="BRANCH" missed="1" covered="6"/><counter type="LINE" missed="9" covered="7"/><counter type="COMPLEXITY" missed="1" covered="6"/><counter type="METHOD" missed="0" covered="1"/></method><counter type="INSTRUCTION" missed="113" covered="131"/><counter type="BRANCH" missed="38" covered="31"/><counter type="LINE" missed="47" covered="41"/><counter type="COMPLEXITY" missed="38" covered="33"/><counter type="METHOD" missed="0" covered="4"/><counter type="CLASS" missed="0" covered="1"/></class><class name="com/javdin/parser/ParseException" sourcefilename="ParseException.java"><method name="&lt;init&gt;" desc="(Ljava/lang/String;II)V" line="11"><counter type="INSTRUCTION" missed="10" covered="0"/><counter type="LINE" missed="4" covered="0"/><counter type="COMPLEXITY" missed="1" covered="0"/><counter type="METHOD" missed="1" covered="0"/></method><method name="&lt;init&gt;" desc="(Ljava/lang/String;IILjava/lang/Throwable;)V" line="17"><counter type="INSTRUCTION" missed="0" covered="11"/><counter type="LINE" missed="0" covered="4"/><counter type="COMPLEXITY" missed="0" covered="1"/><counter type="METHOD" missed="0" covered="1"/></method><method name="getLine" desc="()I" line="23"><counter type="INSTRUCTION" missed="3" covered="0"/><counter type="LINE" missed="1" covered="0"/><counter type="COMPLEXITY" missed="1" covered="0"/><counter type="METHOD" missed="1" covered="0"/></method><method name="getColumn" desc="()I" line="27"><counter type="INSTRUCTION" missed="3" covered="0"/><counter type="LINE" missed="1" covered="0"/><counter type="COMPLEXITY" missed="1" covered="0"/><counter type="METHOD" missed="1" covered="0"/></method><method name="toString" desc="()Ljava/lang/String;" line="32"><counter type="INSTRUCTION" missed="0" covered="22"/><counter type="LINE" missed="0" covered="1"/><counter type="COMPLEXITY" missed="0" covered="1"/><counter type="METHOD" missed="0" covered="1"/></method><counter type="INSTRUCTION" missed="16" covered="33"/><counter type="LINE" missed="6" covered="5"/><counter type="COMPLEXITY" missed="3" covered="2"/><counter type="METHOD" missed="3" covered="2"/><counter type="CLASS" missed="0" covered="1"/></class><sourcefile name="LexerAdapter.java"><line nr="17" mi="0" ci="2" mb="0" cb="0"/><line nr="18" mi="0" ci="3" mb="0" cb="0"/><line nr="19" mi="0" ci="3" mb="0" cb="0"/><line nr="20" mi="0" ci="1" mb="0" cb="0"/><line nr="28" mi="0" ci="5" mb="0" cb="0"/><line nr="30" mi="0" ci="6" mb="0" cb="0"/><line nr="31" mi="0" ci="5" mb="0" cb="0"/><line nr="33" mi="0" ci="12" mb="0" cb="0"/><line nr="40" mi="0" ci="6" mb="37" cb="25"/><line nr="42" mi="0" ci="2" mb="0" cb="0"/><line nr="43" mi="0" ci="2" mb="0" cb="0"/><line nr="44" mi="0" ci="2" mb="0" cb="0"/><line nr="45" mi="0" ci="2" mb="0" cb="0"/><line nr="46" mi="2" ci="0" mb="0" cb="0"/><line nr="49" mi="0" ci="2" mb="0" cb="0"/><line nr="50" mi="2" ci="0" mb="0" cb="0"/><line nr="51" mi="2" ci="0" mb="0" cb="0"/><line nr="52" mi="2" ci="0" mb="0" cb="0"/><line nr="53" mi="0" ci="2" mb="0" cb="0"/><line nr="54" mi="2" ci="0" mb="0" cb="0"/><line nr="55" mi="2" ci="0" mb="0" cb="0"/><line nr="56" mi="2" ci="0" mb="0" cb="0"/><line nr="57" mi="2" ci="0" mb="0" cb="0"/><line nr="58" mi="2" ci="0" mb="0" cb="0"/><line nr="59" mi="0" ci="2" mb="0" cb="0"/><line nr="60" mi="0" ci="2" mb="0" cb="0"/><line nr="61" mi="2" ci="0" mb="0" cb="0"/><line nr="62" mi="0" ci="2" mb="0" cb="0"/><line nr="63" mi="0" ci="2" mb="0" cb="0"/><line nr="64" mi="2" ci="0" mb="0" cb="0"/><line nr="65" mi="2" ci="0" mb="0" cb="0"/><line nr="68" mi="2" ci="0" mb="0" cb="0"/><line nr="69" mi="2" ci="0" mb="0" cb="0"/><line nr="70" mi="2" ci="0" mb="0" cb="0"/><line nr="71" mi="2" ci="0" mb="0" cb="0"/><line nr="72" mi="2" ci="0" mb="0" cb="0"/><line nr="73" mi="2" ci="0" mb="0" cb="0"/><line nr="74" mi="2" ci="0" mb="0" cb="0"/><line nr="75" mi="2" ci="0" mb="0" cb="0"/><line nr="78" mi="0" ci="2" mb="0" cb="0"/><line nr="79" mi="2" ci="0" mb="0" cb="0"/><line nr="80" mi="0" ci="2" mb="0" cb="0"/><line nr="81" mi="2" ci="0" mb="0" cb="0"/><line nr="82" mi="2" ci="0" mb="0" cb="0"/><line nr="83" mi="0" ci="2" mb="0" cb="0"/><line nr="84" mi="2" ci="0" mb="0" cb="0"/><line nr="85" mi="2" ci="0" mb="0" cb="0"/><line nr="86" mi="2" ci="0" mb="0" cb="0"/><line nr="87" mi="2" ci="0" mb="0" cb="0"/><line nr="88" mi="2" ci="0" mb="0" cb="0"/><line nr="89" mi="2" ci="0" mb="0" cb="0"/><line nr="90" mi="2" ci="0" mb="0" cb="0"/><line nr="91" mi="2" ci="0" mb="0" cb="0"/><line nr="92" mi="2" ci="0" mb="0" cb="0"/><line nr="93" mi="2" ci="0" mb="0" cb="0"/><line nr="94" mi="2" ci="0" mb="0" cb="0"/><line nr="95" mi="2" ci="0" mb="0" cb="0"/><line nr="96" mi="0" ci="2" mb="0" cb="0"/><line nr="99" mi="0" ci="2" mb="0" cb="0"/><line nr="100" mi="0" ci="2" mb="0" cb="0"/><line nr="101" mi="0" ci="2" mb="0" cb="0"/><line nr="102" mi="0" ci="2" mb="0" cb="0"/><line nr="103" mi="0" ci="2" mb="0" cb="0"/><line nr="104" mi="0" ci="2" mb="0" cb="0"/><line nr="105" mi="0" ci="2" mb="0" cb="0"/><line nr="106" mi="0" ci="2" mb="0" cb="0"/><line nr="107" mi="0" ci="2" mb="0" cb="0"/><line nr="108" mi="2" ci="0" mb="0" cb="0"/><line nr="111" mi="0" ci="2" mb="0" cb="0"/><line nr="112" mi="0" ci="2" mb="0" cb="0"/><line nr="115" mi="6" ci="0" mb="0" cb="0"/><line nr="117" mi="7" ci="0" mb="0" cb="0"/><line nr="128" mi="0" ci="7" mb="1" cb="6"/><line nr="129" mi="0" ci="5" mb="0" cb="0"/><line nr="133" mi="0" ci="7" mb="0" cb="0"/><line nr="134" mi="1" ci="0" mb="0" cb="0"/><line nr="135" mi="3" ci="0" mb="0" cb="0"/><line nr="136" mi="2" ci="0" mb="0" cb="0"/><line nr="137" mi="6" ci="0" mb="0" cb="0"/><line nr="144" mi="0" ci="7" mb="0" cb="0"/><line nr="145" mi="1" ci="0" mb="0" cb="0"/><line nr="146" mi="3" ci="0" mb="0" cb="0"/><line nr="147" mi="2" ci="0" mb="0" cb="0"/><line nr="148" mi="6" ci="0" mb="0" cb="0"/><line nr="152" mi="0" ci="5" mb="0" cb="0"/><line nr="153" mi="0" ci="4" mb="0" cb="0"/><line nr="154" mi="4" ci="0" mb="0" cb="0"/><line nr="156" mi="0" ci="3" mb="0" cb="0"/><counter type="INSTRUCTION" missed="113" covered="131"/><counter type="BRANCH" missed="38" covered="31"/><counter type="LINE" missed="47" covered="41"/><counter type="COMPLEXITY" missed="38" covered="33"/><counter type="METHOD" missed="0" covered="4"/><counter type="CLASS" missed="0" covered="1"/></sourcefile><sourcefile name="ParseException.java"><line nr="11" mi="3" ci="0" mb="0" cb="0"/><line nr="12" mi="3" ci="0" mb="0" cb="0"/><line nr="13" mi="3" ci="0" mb="0" cb="0"/><line nr="14" mi="1" ci="0" mb="0" cb="0"/><line nr="17" mi="0" ci="4" mb="0" cb="0"/><line nr="18" mi="0" ci="3" mb="0" cb="0"/><line nr="19" mi="0" ci="3" mb="0" cb="0"/><line nr="20" mi="0" ci="1" mb="0" cb="0"/><line nr="23" mi="3" ci="0" mb="0" cb="0"/><line nr="27" mi="3" ci="0" mb="0" cb="0"/><line nr="32" mi="0" ci="22" mb="0" cb="0"/><counter type="INSTRUCTION" missed="16" covered="33"/><counter type="LINE" missed="6" covered="5"/><counter type="COMPLEXITY" missed="3" covered="2"/><counter type="METHOD" missed="3" covered="2"/><counter type="CLASS" missed="0" covered="1"/></sourcefile><sourcefile name="Parser.java"><line nr="14" mi="0" ci="2" mb="0" cb="0"/><line nr="15" mi="0" ci="3" mb="0" cb="0"/><line nr="16" mi="0" ci="1" mb="0" cb="0"/><line nr="26" mi="0" ci="6" mb="0" cb="0"/><line nr="29" mi="0" ci="5" mb="0" cb="0"/><line nr="32" mi="0" ci="3" mb="0" cb="0"/><line nr="35" mi="0" ci="4" mb="0" cb="0"/><line nr="37"
[...]
/javdin/main"><class name="com/javdin/main/Main" sourcefilename="Main.java"><method name="&lt;init&gt;" desc="()V" line="18"><counter type="INSTRUCTION" missed="3" covered="0"/><counter type="LINE" missed="1" covered="0"/><counter type="COMPLEXITY" missed="1" covered="0"/><counter type="METHOD" missed="1" covered="0"/></method><method name="main" desc="([Ljava/lang/String;)V" line="21"><counter type="INSTRUCTION" missed="6" covered="0"/><counter type="LINE" missed="3" covered="0"/><counter type="COMPLEXITY" missed="1" covered="0"/><counter type="METHOD" missed="1" covered="0"/></method><method name="runInterpreter" desc="([Ljava/lang/String;)I" line="33"><counter type="INSTRUCTION" missed="8" covered="75"/><counter type="BRANCH" missed="2" covered="4"/><counter type="LINE" missed="4" covered="23"/><counter type="COMPLEXITY" missed="2" covered="2"/><counter type="METHOD" missed="0" covered="1"/></method><counter type="INSTRUCTION" missed="17" covered="75"/><counter type="BRANCH" missed="2" covered="4"/><counter type="LINE" missed="8" covered="23"/><counter type="COMPLEXITY" missed="4" covered="2"/><counter type="METHOD" missed="2" covered="1"/><counter type="CLASS" missed="0" covered="1"/></class><sourcefile name="Main.java"><line nr="18" mi="3" ci="0" mb="0" cb="0"/><line nr="21" mi="3" ci="0" mb="0" cb="0"/><line nr="22" mi="2" ci="0" mb="0" cb="0"/><line nr="23" mi="1" ci="0" mb="0" cb="0"/><line nr="33" mi="0" ci="4" mb="0" cb="2"/><line nr="34" mi="0" ci="3" mb="0" cb="0"/><line nr="35" mi="0" ci="2" mb="0" cb="0"/><line nr="38" mi="0" ci="4" mb="0" cb="0"/><line nr="39" mi="0" ci="4" mb="0" cb="0"/><line nr="43" mi="0" ci="3" mb="0" cb="0"/><line nr="46" mi="0" ci="5" mb="0" cb="0"/><line nr="49" mi="0" ci="5" mb="0" cb="0"/><line nr="50" mi="0" ci="3" mb="0" cb="0"/><line nr="52" mi="0" ci="3" mb="1" cb="1"/><line nr="53" mi="2" ci="0" mb="0" cb="0"/><line nr="54" mi="2" ci="0" mb="0" cb="0"/><line nr="58" mi="0" ci="5" mb="0" cb="0"/><line nr="59" mi="0" ci="3" mb="0" cb="0"/><line nr="61" mi="0" ci="3" mb="1" cb="1"/><line nr="62" mi="2" ci="0" mb="0" cb="0"/><line nr="63" mi="2" ci="0" mb="0" cb="0"/><line nr="67" mi="0" ci="5" mb="0" cb="0"/><line nr="68" mi="0" ci="3" mb="0" cb="0"/><line nr="70" mi="0" ci="2" mb="0" cb="0"/><line nr="72" mi="0" ci="1" mb="0" cb="0"/><line nr="73" mi="0" ci="5" mb="0" cb="0"/><line nr="74" mi="0" ci="2" mb="0" cb="0"/><line nr="75" mi="0" ci="1" mb="0" cb="0"/><line nr="76" mi="0" ci="5" mb="0" cb="0"/><line nr="77" mi="0" ci="2" mb="0" cb="0"/><line nr="78" mi="0" ci="2" mb="0" cb="0"/><counter type="INSTRUCTION" missed="17" covered="75"/><counter type="BRANCH" missed="2" covered="4"/><counter type="LINE" missed="8" covered="23"/><counter type="COMPLEXITY" missed="4" covered="2"/><counter type="METHOD" missed="2" covered="1"/><counter type="CLASS" missed="0" covered="1"/></sourcefile><counter type="INSTRUCTION" missed="17" covered="75"/><counter type="BRANCH" missed="2" covered="4"/><counter type="LINE" missed="8" covered="23"/><counter type="COMPLEXITY" missed="4" covered="2"/><counter type="METHOD" missed="2" covered="1"/><counter type="CLASS" missed="0" covered="1"/></package><package name="com/javdin/semantics"><class name="com/javdin/semantics/SymbolTable" sourcefilename="SymbolTable.java"><method name="&lt;init&gt;" desc="()V" line="11"><counter type="INSTRUCTION" missed="0" covered="8"/><counter type="LINE" missed="0" covered="3"/><counter type="COMPLEXITY" missed="0" covered="1"/><counter type="METHOD" missed="0" covered="1"/></method><method name="enterScope" desc="()V" line="16"><counter type="INSTRUCTION" missed="0" covered="8"/><counter type="LINE" missed="0" covered="2"/><counter type="COMPLEXITY" missed="0" covered="1"/><counter type="METHOD" missed="0" covered="1"/></method><method name="exitScope" desc="()V" line="20"><counter type="INSTRUCTION" missed="0" covered="9"/><counter type="BRANCH" missed="1" covered="1"/><counter type="LINE" missed="0" covered="3"/><counter type="COMPLEXITY" missed="1" covered="1"/><counter type="METHOD" missed="0" covered="1"/></method><method name="declare" desc="(Ljava/lang/String;Ljava/lang/String;)V" line="26"><counter type="INSTRUCTION" missed="0" covered="12"/><counter type="BRANCH" missed="1" covered="1"/><counter type="LINE" missed="0" covered="3"/><counter type="COMPLEXITY" missed="1" covered="1"/><counter type="METHOD" missed="0" covered="1"/></method><method name="isDeclaredInCurrentScope" desc="(Ljava/lang/String;)Z" line="32"><counter type="INSTRUCTION" missed="2" covered="13"/><counter type="BRANCH" missed="2" covered="2"/><counter type="LINE" missed="0" covered="1"/><counter type="COMPLEXITY" missed="2" covered="1"/><counter type="METHOD" missed="0" covered="1"/></method><method name="isDeclared" desc="(Ljava/lang/String;)Z" line="36"><counter type="INSTRUCTION" missed="20" covered="0"/><counter type="BRANCH" missed="4" covered="0"/><counter type="LINE" missed="5" covered="0"/><counter type="COMPLEXITY" missed="3" covered="0"/><counter type="METHOD" missed="1" covered="0"/></method><method name="getType" desc="(Ljava/lang/String;)Ljava/lang/String;" line="45"><counter type="INSTRUCTION" missed="26" covered="0"/><counter type="BRANCH" missed="4" covered="0"/><counter type="LINE" missed="5" covered="0"/><counter type="COMPLEXITY" missed="3" covered="0"/><counter type="METHOD" missed="1" covered="0"/></method><counter type="INSTRUCTION" missed="48" covered="50"/><counter type="BRANCH" missed="12" covered="4"/><counter type="LINE" missed="10" covered="12"/><counter type="COMPLEXITY" missed="10" covered="5"/><counter type="METHOD" missed="2" covered="5"/><counter type="CLASS" missed="0" covered="1"/></class><class name="com/javdin/semantics/SemanticAnalyzer" sourcefilename="SemanticAnalyzer.java"><method name="&lt;init&gt;" desc="(Lcom/javdin/utils/ErrorHandler;)V" line="14"><counter type="INSTRUCTION" missed="0" covered="11"/><counter type="LINE" missed="0" covered="4"/><counter type="COMPLEXITY" missed="0" covered="1"/><counter type="METHOD" missed="0" covered="1"/></method><method name="analyze" desc="(Lcom/javdin/ast/ProgramNode;)V" line="20"><counter type="INSTRUCTION" missed="0" covered="5"/><counter type="LINE" missed="0" covered="2"/><counter type="COMPLEXITY" missed="0" covered="1"/><counter type="METHOD" missed="0" covered="1"/></method><method name="visitProgram" desc="(Lcom/javdin/ast/ProgramNode;)Ljava/lang/Void;" line="25"><counter type="INSTRUCTION" missed="0" covered="24"/><counter type="BRANCH" missed="0" covered="2"/><counter type="LINE" missed="0" covered="6"/><counter type="COMPLEXITY" missed="0" covered="2"/><counter type="METHOD" missed="0" covered="1"/></method><method name="visitDeclaration" desc="(Lcom/javdin/ast/DeclarationNode;)Ljava/lang/Void;" line="38"><counter type="INSTRUCTION" missed="12" covered="22"/><counter type="BRANCH" missed="2" covered="2"/><counter type="LINE" missed="3" covered="5"/><counter type="COMPLEXITY" missed="2" covered="1"/><counter type="METHOD" missed="0" covered="1"/></method><method name="visitLiteral" desc="(Lcom/javdin/ast/LiteralNode;)Ljava/lang/Void;" line="58"><counter type="INSTRUCTION" missed="0" covered="2"/><counter type="LINE" missed="0" covered="1"/><counter type="COMPLEXITY" missed="0" covered="1"/><counter type="METHOD" missed="0" covered="1"/></method><method name="visitAssignment" desc="(Lcom/javdin/ast/AssignmentNode;)Ljava/lang/Void;" line="62"><counter type="INSTRUCTION" missed="2" covered="0"/><counter type="LINE" missed="1" covered="0"/><counter type="COMPLEXITY" missed="1" covered="0"/><counter type="METHOD" missed="1" covered="0"/></method><method name="visitIf" desc="(Lcom/javdin/ast/IfNode;)Ljava/lang/Void;" line="63"><counter type="INSTRUCTION" missed="2" covered="0"/><counter type="LINE" missed="1" covered="0"/><counter type="COMPLEXITY" missed="1" covered="0"/><counter type="METHOD" missed="1" covered="0"/></method><method name="visitWhile" desc="(Lcom/javdin/ast/WhileNode;)Ljava/lang/Void;" line="64"><counter type="INSTRUCTION" missed="2" covered="0"/><counter type="LINE" missed="1" covered="0"/><counter type="COMPLEXITY" missed="1" covered="0"/><counter type="METHOD" missed="1" covered="0"/></method><method name="visitFor" desc="(Lcom/javdin/ast/ForNode;)Ljava/lang/Void;" line="65"><counter type="INSTRUCTION" missed="2" covered="0"/><counter type="LINE" missed="1" covered="0"/><counter type="COMPLEXITY" missed="1" covered="0"/><counter type="METHOD" missed="1" covered="0"/></method><method name="visitReturn" desc="(Lcom/javdin/ast/ReturnNode;)Ljava/lang/Void;" line="66"><counter type="INSTRUCTION" missed="2" covered="0"/><counter type="LINE" missed="1" covered="0"/><counter type="COMPLEXITY" missed="1" covered="0"/><counter type="METHOD" missed="1" covered="0"/></method><method name="visitBreak" desc="(Lcom/javdin/ast/BreakNode;)Ljava/lang/Void;" line="67"><counter type="INSTRUCTION" missed="2" covered="0"/><counter type="LINE" missed="1" covered="0"/><counter type="COMPLEXITY" missed="1" covered="0"/><counter type="METHOD" missed="1" covered="0"/></method><method name="visitContinue" desc="(Lcom/javdin/ast/ContinueNode;)Ljava/lang/Void;" line="68"><counter type="INSTRUCTION" missed="2" covered="0"/><counter type="LINE" missed="1" covered="0"/><counter type="COMPLEXITY" missed="1" covered="0"/><counter type="METHOD" missed="1" covered="0"/></method><method name="visitPrint" desc="(Lcom/javdin/ast/PrintNode;)Ljava/lang/Void;" line="69"><counter type="INSTRUCTION" missed="0" covered="2"/><counter type="LINE" missed="0" covered="1"/><counter type="COMPLEXITY" missed="0" covered="1"/><counter type="METHOD" missed="0" covered="1"/></method><method name="visitBlock" desc="(Lcom/javdin/ast/BlockNode;)Ljava/lang/Void;" line="70"><counter type="INSTRUCTION" missed="2" covered="0"/><counter type="LINE" missed="1" covered="0"/><counter type="COMPLEXITY" missed="1" covered="0"/><counter type="METHOD" missed="1" covered="0"/></method><method name="visitExpressionStatement" desc="(Lcom/javdin/ast/ExpressionStatementNode;)Ljava/lang/Void;" line="71"><counter type="INSTRUCTION" missed="2" covered="0"/><counter type="LINE" missed="1" covered="0"/><counter type="COMPLEXITY" missed="1" covered="0"/><counter type="METHOD" missed="1" covered="0"/></method><method name="visitReference" desc="(Lcom/javdin/ast/ReferenceNode;)Ljava/lang/Void;" line="72"><counter type="INSTRUCTION" missed="2" covered="0"/><counter type="LINE" missed="1" covered="0"/><counter type="COMPLEXITY" missed="1" covered="0"/><counter type="METHOD" missed="1" covered="0"/></method><method name="visitBinaryOp" desc="(Lcom/javdin/ast/BinaryOpNode;)Ljava/lang/Void;" line="73"><counter type="INSTRUCTION" missed="2" covered="0"/><counter type="LINE" missed="1" covered="0"/><counter type="COMPLEXITY" missed="1" covered="0"/><counter type="METHOD" missed="1" covered="0"/></method><method name="visitUnaryOp" desc="(Lcom/javdin/ast/UnaryOpNode;)Ljava/lang/Void;" line="74"><counter type="INSTRUCTION" missed="2" covered="0"/><counter type="LINE" missed="1" covered="0"/><counter type="COMPLEXITY" missed="1" covered="0"/><counter type="METHOD" missed="1" covered="0"/></method><method name="visitFunctionCall" desc="(Lcom/javdin/ast/FunctionCallNode;)Ljava/lang/Void;" line="75"><counter type="INSTRUCTION" missed="2" covered="0"/><counter type="LINE" missed="1" covered="0"/><counter type="COMPLEXITY" missed="1" covered="0"/><counter type="METHOD" missed="1" covered="0"/></method><method name="visitArrayAccess" desc="(Lcom/javdin/ast/ArrayAccessNode;)Ljava/lang/Void;" line="76"><counter type="INSTRUCTION" missed="2" covered="0"/><counter type="LINE" missed="1" covered="0"/><counter type="COMPLEXITY" missed="1" covered="0"/><counter type="METHOD" missed="1" covered="0"/></method><method name="visitFunctionLiteral" desc="(Lcom/javdin/ast/FunctionLiteralNode;)Ljava/lang/Void;" line="77"><counter type="INSTRUCTION" missed="2" covered="0"/><counter type="LINE" missed="1" covered="0"/><counter type="COMPLEXITY" missed="1" covered="0"/><counter type="METHOD" missed="1" covered="0"/></method><method name="visitArrayLiteral" desc="(Lcom/javdin/ast/ArrayLiteralNode;)Ljava/lang/Void;" line="78"><counter type="INSTRUCTION" missed="2" covered="0"/><counter type="LINE" missed="1" covered="0"/><counter type="COMPLEXITY" missed="1" covered="0"/><counter type="METHOD" missed="1" covered="0"/></method><method name="visitTupleLiteral" desc="(Lcom/javdin/ast/TupleLiteralNode;)Ljava/lang/Void;" line="79"><counter type="INSTRUCTION" missed="2" covered="0"/><counter type="LINE" missed="1" covered="0"/><counter type="COMPLEXITY" missed="1" covered="0"/><counter type="METHOD" missed="1" covered="0"/></method><method name="visitTypeCheck" desc="(Lcom/javdin/ast/TypeCheckNode;)Ljava/lang/Void;" line="80"><counter type="INSTRUCTION" missed="2" covered="0"/><counter type="LINE" missed="1" covered="0"/><counter type="COMPLEXITY" missed="1" covered="0"/><counter type="METHOD" missed="1" covered="0"/></method><method name="visitTupleMemberAccess" desc="(Lcom/javdin/ast/TupleMemberAccessNode;)Ljava/lang/Void;" line="81"><counter type="INSTRUCTION" missed="2" covered="0"/><counter type="LINE" missed="1" covered="0"/><counter type="COMPLEXITY" missed="1" covered="0"/><counter type="METHOD" missed="1" covered="0"/></method><counter type="INSTRUCTION" missed="50" covered="66"/><counter type="BRANCH" missed="2" covered="4"/><counter type="LINE" missed="22" covered="19"/><counter type="COMPLEXITY" missed="21" covered="7"/><counter type="METHOD" missed="19" covered="6"/><counter type="CLASS" missed="0" covered="1"/></class><class name="com/javdin/semantics/Scope" sourcefilename="Scope.java"><method name="&lt;init&gt;" desc="()V" line="12"><counter type="INSTRUCTION" missed="0" covered="8"/><counter type="LINE" missed="0" covered="3"/><counter type="COMPLEXITY" missed="0" covered="1"/><counter type="METHOD" missed="0" covered="1"/></method><method name="declare" desc="(Ljava/lang/String;Ljava/lang/String;)V" line="17"><counter type="INSTRUCTION" missed="0" covered="7"/><counter type="LINE" missed="0" covered="2"/><counter type="COMPLEXITY" missed="0" covered="1"/><counter type="METHOD" missed="0" covered="1"/></method><method name="isDeclared" desc="(Ljava/lang/String;)Z" line="21"><counter type="INSTRUCTION" missed="0" covered="5"/><counter type="LINE" missed="0" covered="1"/><counter type="COMPLEXITY" missed="0" covered="1"/><counter type="METHOD" missed="0" covered="1"/></method><method name="getType" desc="(Ljava/lang/String;)Ljava/lang/String;" line="25"><counter type="INSTRUCTION" missed="6" covered="0"/><counter type="LINE" missed="1" covered="0"/><counter type="COMPLEXITY" missed="1" covered="0"/><counter type="METHOD" missed="1" covered="0"/></method><method name="getSymbols" desc="()Ljava/util/Map;" line="29"><counter type="INSTRUCTION" missed="6" covered="0"/><counter type="LINE" missed="1" covered="0"/><counter type="COMPLEXITY" missed="1" covered="0"/><counter type="METHOD" missed="1" covered="0"/></method><counter type="INSTRUCTION" missed="12" covered="20"/><counter type="LINE" missed="2" covered="6"/><counter type="COMPLEXITY" missed="2" covered="3"/><counter type="METHOD" missed="2" covered="3"/><counter type="CLASS" missed="0" covered="1"/></class><sourcefile name="Scope.java"><line nr="12" mi="0" ci="2" mb="0" cb="0"/><line nr="13" mi="0" ci="5" mb="0" cb="0"/><line nr="14" mi="0" ci="1" mb="0" cb="0"/><line nr="17" mi="0" ci="6" mb="0" cb="0"/><line nr="18" mi="0" ci="1" mb="0" cb="0"/><line nr="21" mi="0" ci="5" mb="0" cb="0"/><line nr="25" mi="6" ci="0" mb="0" cb="0"/><line nr="29" mi="6" ci="0" mb="0" cb="0"/><counter type="INSTRUCTION" missed="12" covered="20"/><counter type="LINE" missed="2" covered="6"/><counter type="COMPLEXITY" missed="2" covered="3"/><counter type="METHOD" missed="2" covered="3"/><counter type="CLASS" missed="0" covered="1"/></sourcefile><sourcefile name="SemanticAnalyzer.java"><line nr="14" mi="0" ci="2" mb="0" cb="0"/><line nr="15" mi="0" ci="3" mb="0" cb="0"/><line nr="16" mi="0" ci="5" mb="0" cb="0"/><line nr="17" mi="0" ci="1" mb="0" cb="0"/><line nr="20" mi="0" ci="4" mb="0" cb="0"/><line nr="21" mi="0" ci="1" mb="0" cb="0"/><line nr="25" mi="0" ci="3" mb="0" cb="0"/><line nr="27" mi="0" ci="11" mb="0" cb="2"/><line nr="28" mi="0" ci="4" mb="0" cb="0"/><line nr="29" mi="0" ci="1" mb="0" cb="0"/><line nr="31" mi="0" ci="3" mb="0" cb="0"/><line nr="32" mi="0" ci="2" mb="0" cb="0"/><line nr="38" mi="0" ci="6" mb="1" cb="1"/><line nr="39" mi="7" ci="0" mb="0" cb="0"/><line nr="40" mi="3" ci="0" mb="0" cb="0"/><line nr="41" mi="2" ci="0" mb="0" cb="0"/><line nr="45" mi="0" ci="6" mb="0" cb="0"/><line nr="48" mi="0" ci="3" mb="1" cb="1"/><line nr="49" mi="0" ci="5" mb="0" cb="0"/><line nr="52" mi="0" ci="2" mb="0" cb="0"/><line nr="58" mi="0" ci="2" mb="0" cb="0"/><line nr="62" mi="2" ci="0" mb="0" cb="0"/><line nr="63" mi="2" ci="0" mb="0" cb="0"/><line nr="64" mi="2" ci="0" mb="0" cb="0"/><line nr="65" mi="2" ci="0" mb="0" cb="0"/><line nr="66" mi="2" ci="0" mb="0" cb="0"/><line nr="67" mi="2" ci="0" mb="0" cb="0"/><line nr="68" mi="2" ci="0" mb="0" cb="0"/><line nr="69" mi="0" ci="2" mb="0" cb="0"/><line nr="70" mi="2" ci="0" mb="0" cb="0"/><line nr="71" mi="2" ci="0" mb="0" cb="0"/><line nr="72" mi="2" ci="0" mb="0" cb="0"/><line nr="73" mi="2" ci="0" mb="0" cb="0"/><line nr="74" mi="2" ci="0" mb="0" cb="0"/><line nr="75" mi="2" ci="0" mb="0" cb="0"/><line nr="76" mi="2" ci="0" mb="0" cb="0"/><line nr="77" mi="2" ci="0" mb="0" cb="0"/><line nr="78" mi="2" ci="0" mb="0" cb="0"/><line nr="79" mi="2" ci="0" mb="0" cb="0"/><line nr="80" mi="2" ci="0" mb="0" cb="0"/><line nr="81" mi="2" ci="0" mb="0" cb="0"/><counter type="INSTRUCTION" missed="50" covered="66"/><counter type="BRANCH" missed="2" covered="4"/><counter type="LINE" missed="22" covered="19"/><counter type="COMPLEXITY" missed="21" covered="7"/><counter type="METHOD" missed="19" covered="6"/><counter type="CLASS" missed="0" covered="1"/></sourcefile><sourcefile name="SymbolTable.java"><line nr="11" mi="0" ci="2" mb="0" cb="0"/><line nr="12" mi="0" ci="5" mb="0" cb="0"/><line nr="13" mi="0" ci="1" mb="0" cb="0"/><line nr="16" mi="0" ci="7" mb="0" cb="0"/><line nr="17" mi="0" ci="1" mb="0" cb="0"/><line nr="20" mi="0" ci="4" mb="1" cb="1"/><line nr="21" mi="0" ci="4" mb="0" cb="0"/><line nr="23" mi="0" ci="1" mb="0" cb="0"/><line nr="26" mi="0" ci="4" mb="1" cb="1"/><line nr="27" mi="0" ci="7" mb="0" cb="0"/><line nr="29" mi="0" ci="1" mb="0" cb="0"/><line nr="32" mi="2" ci="13" mb="2" cb="2"/><line nr="36" mi="11" ci="0" mb="2" cb="0"/><line nr="37" mi="4" ci="0" mb="2" cb="0"/><line nr="38" mi="2" ci="0" mb="0" cb="0"/><line nr="40" mi="1" ci="0" mb="0" cb="0"/><line nr="41" mi="2" ci="0" mb="0" cb="0"/><line nr="45" mi="10" ci="0" mb="2" cb="0"/><line nr="46" mi="6" ci="0" mb="0" cb="0"/><line nr="47" mi="4" ci="0" mb="2" cb="0"/><line nr="48" mi="4" ci="0" mb="0" cb="0"/><line nr="51" mi="2" ci="0" mb="0" cb="0"/><counter type="INSTRUCTION" missed="48" covered="50"/><counter type="BRANCH" missed="12" covered="4"/><counter type="LINE" missed="10" covered="12"/><counter type="COMPLEXITY" missed="10" covered="5"/><counter type="METHOD" missed="2" covered="5"/><counter type="CLASS" missed="0" covered="1"/></sourcefile><counter type="INSTRUCTION" missed="110" covered="136"/><counter type="BRANCH" missed="14" covered="8"/><counter type="LINE" missed="34" covered="37"/><counter type="COMPLEXITY" missed="33" covered="15"/><counter type="METHOD" missed="23" covered="14"/><counter type="CLASS" missed="0" covered="3"/></package><counter type="INSTRUCTION" missed="3436" covered="5482"/><counter type="BRANCH" missed="255" covered="248"/><counter type="LINE" missed="723" covered="1019"/><counter type="COMPLEXITY" missed="368" covered="273"/><counter type="METHOD" missed="155" covered="117"/><counter type="CLASS" missed="14" covered="38"/></report>