-------------------------------------------------------------------------------
Test set: com.javdin.parser.SpecComplianceTest
-------------------------------------------------------------------------------
Tests run: 18, Failures: 0, Errors: 5, Skipped: 0, Time elapsed: 0.040 s <<< FAILURE! -- in com.javdin.parser.SpecComplianceTest
com.javdin.parser.SpecComplianceTest.testFunctionCallAsExpression -- Time elapsed: 0.004 s <<< ERROR!
Parse error at line 0, column 0: Can't recover from previous error(s)
	at com.javdin.parser.Parser.parse(Parser.java:40)
	at com.javdin.parser.SpecComplianceTest.testFunctionCallAsExpression(SpecComplianceTest.java:53)
	at java.base/java.lang.reflect.Method.invoke(Method.java:580)
	at java.base/java.util.ArrayList.forEach(ArrayList.java:1596)
	at java.base/java.util.ArrayList.forEach(ArrayList.java:1596)
Caused by: java.lang.Exception: Can't recover from previous error(s)
	at java_cup.runtime.lr_parser.report_fatal_error(lr_parser.java:392)
	at java_cup.runtime.lr_parser.unrecovered_syntax_error(lr_parser.java:539)
	at java_cup.runtime.lr_parser.parse(lr_parser.java:731)
	at com.javdin.parser.Parser.parse(Parser.java:32)
	... 4 more

com.javdin.parser.SpecComplianceTest.testEmptyTupleLiteral -- Time elapsed: 0.004 s <<< ERROR!
Parse error at line 0, column 0: Can't recover from previous error(s)
	at com.javdin.parser.Parser.parse(Parser.java:40)
	at com.javdin.parser.SpecComplianceTest.testEmptyTupleLiteral(SpecComplianceTest.java:197)
	at java.base/java.lang.reflect.Method.invoke(Method.java:580)
	at java.base/java.util.ArrayList.forEach(ArrayList.java:1596)
	at java.base/java.util.ArrayList.forEach(ArrayList.java:1596)
Caused by: java.lang.Exception: Can't recover from previous error(s)
	at java_cup.runtime.lr_parser.report_fatal_error(lr_parser.java:392)
	at java_cup.runtime.lr_parser.unrecovered_syntax_error(lr_parser.java:539)
	at java_cup.runtime.lr_parser.parse(lr_parser.java:731)
	at com.javdin.parser.Parser.parse(Parser.java:32)
	... 4 more

com.javdin.parser.SpecComplianceTest.testChainedPostfixOperations -- Time elapsed: 0.001 s <<< ERROR!
Parse error at line 0, column 0: Can't recover from previous error(s)
	at com.javdin.parser.Parser.parse(Parser.java:40)
	at com.javdin.parser.SpecComplianceTest.testChainedPostfixOperations(SpecComplianceTest.java:263)
	at java.base/java.lang.reflect.Method.invoke(Method.java:580)
	at java.base/java.util.ArrayList.forEach(ArrayList.java:1596)
	at java.base/java.util.ArrayList.forEach(ArrayList.java:1596)
Caused by: java.lang.Exception: Can't recover from previous error(s)
	at java_cup.runtime.lr_parser.report_fatal_error(lr_parser.java:392)
	at java_cup.runtime.lr_parser.unrecovered_syntax_error(lr_parser.java:539)
	at java_cup.runtime.lr_parser.parse(lr_parser.java:731)
	at com.javdin.parser.Parser.parse(Parser.java:32)
	... 4 more

com.javdin.parser.SpecComplianceTest.testAllTypeIndicators -- Time elapsed: 0.002 s <<< ERROR!
Parse error at line 0, column 0: Can't recover from previous error(s)
	at com.javdin.parser.Parser.parse(Parser.java:40)
	at com.javdin.parser.SpecComplianceTest.testAllTypeIndicators(SpecComplianceTest.java:313)
	at java.base/java.lang.reflect.Method.invoke(Method.java:580)
	at java.base/java.util.ArrayList.forEach(ArrayList.java:1596)
	at java.base/java.util.ArrayList.forEach(ArrayList.java:1596)
Caused by: java.lang.Exception: Can't recover from previous error(s)
	at java_cup.runtime.lr_parser.report_fatal_error(lr_parser.java:392)
	at java_cup.runtime.lr_parser.unrecovered_syntax_error(lr_parser.java:539)
	at java_cup.runtime.lr_parser.parse(lr_parser.java:731)
	at com.javdin.parser.Parser.parse(Parser.java:32)
	... 4 more

com.javdin.parser.SpecComplianceTest.testEmptyArrayLiteral -- Time elapsed: 0.002 s <<< ERROR!
Parse error at line 0, column 0: Can't recover from previous error(s)
	at com.javdin.parser.Parser.parse(Parser.java:40)
	at com.javdin.parser.SpecComplianceTest.testEmptyArrayLiteral(SpecComplianceTest.java:182)
	at java.base/java.lang.reflect.Method.invoke(Method.java:580)
	at java.base/java.util.ArrayList.forEach(ArrayList.java:1596)
	at java.base/java.util.ArrayList.forEach(ArrayList.java:1596)
Caused by: java.lang.Exception: Can't recover from previous error(s)
	at java_cup.runtime.lr_parser.report_fatal_error(lr_parser.java:392)
	at java_cup.runtime.lr_parser.unrecovered_syntax_error(lr_parser.java:539)
	at java_cup.runtime.lr_parser.parse(lr_parser.java:731)
	at com.javdin.parser.Parser.parse(Parser.java:32)
	... 4 more

