<?xml version="1.0" encoding="UTF-8"?>
<testsuite xmlns:xsi="http://www.w3.org/2001/XMLSchema-instance" xsi:noNamespaceSchemaLocation="https://maven.apache.org/surefire/maven-surefire-plugin/xsd/surefire-test-report-3.0.xsd" version="3.0" name="com.javdin.parser.ReturnPrintTest" time="0.032" tests="31" errors="0" skipped="0" failures="0">
  <properties>
[...]
</properties>
  <testcase name="testReturnWithArrayLiteral" classname="com.javdin.parser.ReturnPrintTest" time="0.002"/>
  <testcase name="testPrintWithArrayLiteral" classname="com.javdin.parser.ReturnPrintTest" time="0.001"/>
  <testcase name="testReturnWithVariable" classname="com.javdin.parser.ReturnPrintTest" time="0.001"/>
  <testcase name="testPrintSingleString" classname="com.javdin.parser.ReturnPrintTest" time="0.0"/>
  <testcase name="testPrintInLoop" classname="com.javdin.parser.ReturnPrintTest" time="0.0"/>
  <testcase name="testReturnWithBooleanLiteral" classname="com.javdin.parser.ReturnPrintTest" time="0.0"/>
  <testcase name="testReturnWithArrayAccess" classname="com.javdin.parser.ReturnPrintTest" time="0.001"/>
  <testcase name="testReturnInControlFlow" classname="com.javdin.parser.ReturnPrintTest" time="0.001"/>
  <testcase name="testReturnWithFunctionCall" classname="com.javdin.parser.ReturnPrintTest" time="0.001"/>
  <testcase name="testReturnWithRealLiteral" classname="com.javdin.parser.ReturnPrintTest" time="0.001"/>
  <testcase name="testPrintWithFunctionCall" classname="com.javdin.parser.ReturnPrintTest" time="0.001"/>
  <testcase name="testPrintMultipleComplexExpressions" classname="com.javdin.parser.ReturnPrintTest" time="0.001"/>
  <testcase name="testReturnWithTupleMemberAccess" classname="com.javdin.parser.ReturnPrintTest" time="0.001"/>
  <testcase name="testPrintWithComplexExpressions" classname="com.javdin.parser.ReturnPrintTest" time="0.0"/>
  <testcase name="testReturnWithIntegerLiteral" classname="com.javdin.parser.ReturnPrintTest" time="0.0"/>
  <testcase name="testReturnWithoutValue" classname="com.javdin.parser.ReturnPrintTest" time="0.001"/>
  <testcase name="testPrintMixedTypes" classname="com.javdin.parser.ReturnPrintTest" time="0.001"/>
  <testcase name="testReturnWithBinaryExpression" classname="com.javdin.parser.ReturnPrintTest" time="0.001"/>
  <testcase name="testReturnInFunction" classname="com.javdin.parser.ReturnPrintTest" time="0.001"/>
  <testcase name="testPrintSingleInteger" classname="com.javdin.parser.ReturnPrintTest" time="0.0"/>
  <testcase name="testPrintInFunction" classname="com.javdin.parser.ReturnPrintTest" time="0.0"/>
  <testcase name="testPrintVariable" classname="com.javdin.parser.ReturnPrintTest" time="0.001"/>
  <testcase name="testReturnWithTupleLiteral" classname="com.javdin.parser.ReturnPrintTest" time="0.001"/>
  <testcase name="testReturnWithNone" classname="com.javdin.parser.ReturnPrintTest" time="0.0"/>
  <testcase name="testPrintWithTupleLiteral" classname="com.javdin.parser.ReturnPrintTest" time="0.0"/>
  <testcase name="testReturnWithComplexExpression" classname="com.javdin.parser.ReturnPrintTest" time="0.001"/>
  <testcase name="testPrintAndReturnWithSemicolons" classname="com.javdin.parser.ReturnPrintTest" time="0.0"/>
  <testcase name="testReturnAndPrintInSequence" classname="com.javdin.parser.ReturnPrintTest" time="0.0"/>
  <testcase name="testReturnWithStringLiteral" classname="com.javdin.parser.ReturnPrintTest" time="0.001"/>
  <testcase name="testPrintWithExpression" classname="com.javdin.parser.ReturnPrintTest" time="0.0"/>
  <testcase name="testPrintMultipleExpressions" classname="com.javdin.parser.ReturnPrintTest" time="0.001"/>
</testsuite>