<?xml version="1.0" encoding="UTF-8"?>
<testsuite xmlns:xsi="http://www.w3.org/2001/XMLSchema-instance" xsi:noNamespaceSchemaLocation="https://maven.apache.org/surefire/maven-surefire-plugin/xsd/surefire-test-report-3.0.xsd" version="3.0" name="com.javdin.parser.ErrorHandlingTest" time="0.053" tests="26" errors="0" skipped="0" failures="0">
  <properties>
[...]
</properties>
  <testcase name="testInvalidOperator" classname="com.javdin.parser.ErrorHandlingTest" time="0.002"/>
  <testcase name="testMissingEndInFor" classname="com.javdin.parser.ErrorHandlingTest" time="0.001">
    <system-out><![CDATA[instead expected token classes are []
]]></system-out>
    <system-err><![CDATA[Syntax error at character 1 of input
Couldn't repair and continue parse at character 1 of input
]]></system-err>
  </testcase>
  <testcase name="testMissingEndInFunction" classname="com.javdin.parser.ErrorHandlingTest" time="0.001">
    <system-out><![CDATA[instead expected token classes are []
]]></system-out>
    <system-err><![CDATA[Syntax error at character 1 of input
Couldn't repair and continue parse at character 1 of input
]]></system-err>
  </testcase>
  <testcase name="testMissingExpressionAfterShortIf" classname="com.javdin.parser.ErrorHandlingTest" time="0.005">
    <system-out><![CDATA[instead expected token classes are [REAL, STRING, FUNC, TRUE, FALSE, NONE, PLUS, MINUS, NOT, LEFT_PAREN, LEFT_BRACE, LEFT_BRACKET]
]]></system-out>
    <system-err><![CDATA[Syntax error at character 1 of input
Couldn't repair and continue parse at character 1 of input
]]></system-err>
  </testcase>
  <testcase name="testMissingConditionInIf" classname="com.javdin.parser.ErrorHandlingTest" time="0.002">
    <system-out><![CDATA[instead expected token classes are [REAL, STRING, FUNC, TRUE, FALSE, NONE, PLUS, MINUS, NOT, LEFT_PAREN, LEFT_BRACE, LEFT_BRACKET]
]]></system-out>
    <system-err><![CDATA[Syntax error at character 1 of input
Couldn't repair and continue parse at character 1 of input
]]></system-err>
  </testcase>
  <testcase name="testMissingEndInIf" classname="com.javdin.parser.ErrorHandlingTest" time="0.001">
    <system-out><![CDATA[instead expected token classes are []
]]></system-out>
    <system-err><![CDATA[Syntax error at character 1 of input
Couldn't repair and continue parse at character 1 of input
]]></system-err>
  </testcase>
  <testcase name="testErrorMessageContainsUsefulInfo" classname="com.javdin.parser.ErrorHandlingTest" time="0.005">
    <system-out><![CDATA[instead expected token classes are [EOF, SEMICOLON, COMMA, NEWLINE]
]]></system-out>
    <system-err><![CDATA[Syntax error at character 1 of input
Couldn't repair and continue parse at character 1 of input
]]></system-err>
  </testcase>
  <testcase name="testMissingOperand" classname="com.javdin.parser.ErrorHandlingTest" time="0.001">
    <system-out><![CDATA[instead expected token classes are [REAL, STRING, FUNC, TRUE, FALSE, NONE, PLUS, MINUS, NOT, LEFT_PAREN, LEFT_BRACE, LEFT_BRACKET]
]]></system-out>
    <system-err><![CDATA[Syntax error at character 1 of input
Couldn't repair and continue parse at character 1 of input
]]></system-err>
  </testcase>
  <testcase name="testMultipleErrors" classname="com.javdin.parser.ErrorHandlingTest" time="0.001">
    <system-out><![CDATA[instead expected token classes are [EOF, SEMICOLON, COMMA, NEWLINE]
]]></system-out>
    <system-err><![CDATA[Syntax error at character 1 of input
Couldn't repair and continue parse at character 1 of input
]]></system-err>
  </testcase>
  <testcase name="testUnmatchedLeftBrace" classname="com.javdin.parser.ErrorHandlingTest" time="0.002">
    <system-out><![CDATA[instead expected token classes are [XOR, RIGHT_BRACE, COMMA]
]]></system-out>
    <system-err><![CDATA[Syntax error at character 1 of input
Couldn't repair and continue parse at character 1 of input
]]></system-err>
  </testcase>
  <testcase name="testUnmatchedLeftParen" classname="com.javdin.parser.ErrorHandlingTest" time="0.001">
    <system-out><![CDATA[instead expected token classes are [XOR, RIGHT_PAREN]
]]></system-out>
    <system-err><![CDATA[Syntax error at character 1 of input
Couldn't repair and continue parse at character 1 of input
]]></system-err>
  </testcase>
  <testcase name="testComplexValidProgram" classname="com.javdin.parser.ErrorHandlingTest" time="0.001"/>
  <testcase name="testMissingLoopInWhile" classname="com.javdin.parser.ErrorHandlingTest" time="0.002">
    <system-out><![CDATA[instead expected token classes are [LOOP, PLUS, MINUS, MULTIPLY, DIVIDE, AND, OR, XOR]
]]></system-out>
    <system-err><![CDATA[Syntax error at character 1 of input
Couldn't repair and continue parse at character 1 of input
]]></system-err>
  </testcase>
  <testcase name="testMissingIsInFunction" classname="com.javdin.parser.ErrorHandlingTest" time="0.001">
    <system-out><![CDATA[instead expected token classes are []
]]></system-out>
    <system-err><![CDATA[Syntax error at character 1 of input
Couldn't repair and continue parse at character 1 of input
]]></system-err>
  </testcase>
  <testcase name="testMissingRightHandSide" classname="com.javdin.parser.ErrorHandlingTest" time="0.001">
    <system-out><![CDATA[instead expected token classes are [REAL, STRING, FUNC, TRUE, FALSE, NONE, PLUS, MINUS, NOT, LEFT_PAREN, LEFT_BRACE, LEFT_BRACKET]
]]></system-out>
    <system-err><![CDATA[Syntax error at character 1 of input
Couldn't repair and continue parse at character 1 of input
]]></system-err>
  </testcase>
  <testcase name="testUnmatchedLeftBracket" classname="com.javdin.parser.ErrorHandlingTest" time="0.001">
    <system-out><![CDATA[instead expected token classes are []
]]></system-out>
    <system-err><![CDATA[Syntax error at character 1 of input
Couldn't repair and continue parse at character 1 of input
]]></system-err>
  </testcase>
  <testcase name="testMissingCommaInArray" classname="com.javdin.parser.ErrorHandlingTest" time="0.001">
    <system-out><![CDATA[instead expected token classes are [MINUS, MULTIPLY, DIVIDE, EQUAL, NOT_EQUAL, NOT_EQUAL_ALT, LESS_THAN, LESS_EQUAL, GREATER_THAN, GREATER_EQUAL, AND, OR, XOR, RIGHT_BRACKET, COMMA]
]]></system-out>
    <system-err><![CDATA[Syntax error at character 1 of input
Couldn't repair and continue parse at character 1 of input
]]></system-err>
  </testcase>
  <testcase name="testEmptyProgram" classname="com.javdin.parser.ErrorHandlingTest" time="0.0"/>
  <testcase name="testUnmatchedRightParen" classname="com.javdin.parser.ErrorHandlingTest" time="0.001">
    <system-out><![CDATA[instead expected token classes are [EOF, OR, XOR, SEMICOLON, COMMA, NEWLINE]
]]></system-out>
    <system-err><![CDATA[Syntax error at character 1 of input
Couldn't repair and continue parse at character 1 of input
]]></system-err>
  </testcase>
  <testcase name="testMissingEndInWhile" classname="com.javdin.parser.ErrorHandlingTest" time="0.001">
    <system-out><![CDATA[instead expected token classes are []
]]></system-out>
    <system-err><![CDATA[Syntax error at character 1 of input
Couldn't repair and continue parse at character 1 of input
]]></system-err>
  </testcase>
  <testcase name="testMissingVariableName" classname="com.javdin.parser.ErrorHandlingTest" time="0.001">
    <system-out><![CDATA[instead expected token classes are []
]]></system-out>
    <system-err><![CDATA[Syntax error at character 1 of input
Couldn't repair and continue parse at character 1 of input
]]></system-err>
  </testcase>
  <testcase name="testMissingExpression" classname="com.javdin.parser.ErrorHandlingTest" time="0.001">
    <system-out><![CDATA[instead expected token classes are [REAL, STRING, FUNC, TRUE, FALSE, NONE, PLUS, MINUS, NOT, LEFT_PAREN, LEFT_BRACE, LEFT_BRACKET]
]]></system-out>
    <system-err><![CDATA[Syntax error at character 1 of input
Couldn't repair and continue parse at character 1 of input
]]></system-err>
  </testcase>
  <testcase name="testInvalidLeftHandSide" classname="com.javdin.parser.ErrorHandlingTest" time="0.001">
    <system-out><![CDATA[instead expected token classes are [EOF, VAR, IF, WHILE, FOR, LOOP, EXIT, RETURN, PRINT, SEMICOLON, NEWLINE]
]]></system-out>
    <system-err><![CDATA[Syntax error at character 1 of input
Couldn't repair and continue parse at character 1 of input
]]></system-err>
  </testcase>
  <testcase name="testInvalidToken" classname="com.javdin.parser.ErrorHandlingTest" time="0.001"/>
  <testcase name="testMissingAssignmentOperator" classname="com.javdin.parser.ErrorHandlingTest" time="0.001">
    <system-out><![CDATA[instead expected token classes are [EOF, SEMICOLON, COMMA, NEWLINE]
]]></system-out>
    <system-err><![CDATA[Syntax error at character 1 of input
Couldn't repair and continue parse at character 1 of input
]]></system-err>
  </testcase>
  <testcase name="testMissingThenInIf" classname="com.javdin.parser.ErrorHandlingTest" time="0.001">
    <system-out><![CDATA[instead expected token classes are [PLUS, MINUS, MULTIPLY, DIVIDE, AND, OR, XOR, SHORT_IF]
]]></system-out>
    <system-err><![CDATA[Syntax error at character 1 of input
Couldn't repair and continue parse at character 1 of input
]]></system-err>
  </testcase>
</testsuite>