<?xml version="1.0" encoding="UTF-8"?>
<testsuite xmlns:xsi="http://www.w3.org/2001/XMLSchema-instance" xsi:noNamespaceSchemaLocation="https://maven.apache.org/surefire/maven-surefire-plugin/xsd/surefire-test-report-3.0.xsd" version="3.0" name="com.javdin.parser.ParserTest" time="0.03" tests="11" errors="0" skipped="0" failures="0">
  <properties>
[...]
</properties>
  <testcase name="testMultipleVariableDeclaration" classname="com.javdin.parser.ParserTest" time="0.017"/>
  <testcase name="testPrintStatement" classname="com.javdin.parser.ParserTest" time="0.001"/>
  <testcase name="testParseError" classname="com.javdin.parser.ParserTest" time="0.001">
    <system-out><![CDATA[instead expected token classes are []
]]></system-out>
    <system-err><![CDATA[Syntax error at character 1 of input
Couldn't repair and continue parse at character 1 of input
]]></system-err>
  </testcase>
  <testcase name="testOptionalSemicolons" classname="com.javdin.parser.ParserTest" time="0.001"/>
  <testcase name="testMixedSeparators" classname="com.javdin.parser.ParserTest" time="0.001"/>
  <testcase name="testSimpleDeclaration" classname="com.javdin.parser.ParserTest" time="0.001"/>
  <testcase name="testMultipleExpressionPrint" classname="com.javdin.parser.ParserTest" time="0.001"/>
  <testcase name="testDifferentLiterals" classname="com.javdin.parser.ParserTest" time="0.001"/>
  <testcase name="testEmptyProgram" classname="com.javdin.parser.ParserTest" time="0.0"/>
  <testcase name="testMultipleStatements" classname="com.javdin.parser.ParserTest" time="0.0"/>
  <testcase name="testDeclarationWithoutInitializer" classname="com.javdin.parser.ParserTest" time="0.0"/>
</testsuite>