<?xml version="1.0" encoding="UTF-8"?>
<testsuite xmlns:xsi="http://www.w3.org/2001/XMLSchema-instance" xsi:noNamespaceSchemaLocation="https://maven.apache.org/surefire/maven-surefire-plugin/xsd/surefire-test-report-3.0.xsd" version="3.0" name="com.javdin.parser.ControlFlowTest" time="0.033" tests="23" errors="0" skipped="0" failures="0">
  <properties>
[...]
</properties>
  <testcase name="testReturnWithExpression" classname="com.javdin.parser.ControlFlowTest" time="0.002"/>
  <testcase name="testIfWithMultipleStatements" classname="com.javdin.parser.ControlFlowTest" time="0.002"/>
  <testcase name="testIfThenElseEnd" classname="com.javdin.parser.ControlFlowTest" time="0.001"/>
  <testcase name="testReturnWithValue" classname="com.javdin.parser.ControlFlowTest" time="0.0"/>
  <testcase name="testInfiniteLoop" classname="com.javdin.parser.ControlFlowTest" time="0.003"/>
  <testcase name="testForIterableWithoutVariable" classname="com.javdin.parser.ControlFlowTest" time="0.001"/>
  <testcase name="testExitInLoop" classname="com.javdin.parser.ControlFlowTest" time="0.001"/>
  <testcase name="testSimpleIfThenEnd" classname="com.javdin.parser.ControlFlowTest" time="0.001"/>
  <testcase name="testExitStatement" classname="com.javdin.parser.ControlFlowTest" time="0.001"/>
  <testcase name="testReturnWithoutValue" classname="com.javdin.parser.ControlFlowTest" time="0.0"/>
  <testcase name="testComplexControlFlow" classname="com.javdin.parser.ControlFlowTest" time="0.001"/>
  <testcase name="testShortIfArrow" classname="com.javdin.parser.ControlFlowTest" time="0.0"/>
  <testcase name="testAllControlFlowTogether" classname="com.javdin.parser.ControlFlowTest" time="0.0"/>
  <testcase name="testForLoopWithComplexBody" classname="com.javdin.parser.ControlFlowTest" time="0.001"/>
  <testcase name="testForRangeWithoutVariable" classname="com.javdin.parser.ControlFlowTest" time="0.001"/>
  <testcase name="testSimpleWhileLoop" classname="com.javdin.parser.ControlFlowTest" time="0.001"/>
  <testcase name="testWhileWithMultipleStatements" classname="com.javdin.parser.ControlFlowTest" time="0.001"/>
  <testcase name="testConditionalExit" classname="com.javdin.parser.ControlFlowTest" time="0.001"/>
  <testcase name="testNestedForLoops" classname="com.javdin.parser.ControlFlowTest" time="0.001"/>
  <testcase name="testForInRangeLoop" classname="com.javdin.parser.ControlFlowTest" time="0.001"/>
  <testcase name="testForInLoop" classname="com.javdin.parser.ControlFlowTest" time="0.001"/>
  <testcase name="testNestedWhile" classname="com.javdin.parser.ControlFlowTest" time="0.001"/>
  <testcase name="testNestedIf" classname="com.javdin.parser.ControlFlowTest" time="0.0"/>
</testsuite>